
0 123108.034
2 128363.468
3 131057.73
6 131534.536
7 133567.387
8 134275.557
9 134435.395
10 135597.425
11 135976.999
12 137690.056
19 137734.634
22 138599.503
25 139362.22
27 140622.349
29 140963.993
36 141124.78
47 141158.741
50 141888.9
54 142145.233
56 142216.004
57 142626.033
58 143047.924
64 143148.286
65 143249.037
77 143249.941
80 143733.659
90 143768.315
95 143777.693
129 143871.252
133 144061.664
134 144452.572
135 144633.809
140 144842.681
155 144886.621
156 145342.754
211 145624.169
214 145629.511
232 145823.63
233 146189.999
235 146537.769
306 146547.735
309 146853.28
406 146905.655
422 147067.735
437 147753.989
610 147881.993
683 147970.894
706 148153.317
724 148284.124
765 148494.208
773 148727.122
780 148905.58
791 148938.186
869 148972.691
959 149039.197
1060 149074.273
1065 149158.862
1208 149265.829
1214 149295.713
1221 149358.945
1230 149624.551
1243 149669.87
1257 149765.616
1271 150237.935
1315 150423.474
1325 150537.246
1331 150545.107
1335 150618.091
5260 150738.439
5290 151095.436
5995 151239.86
23496 151381.597
23500 151473.995
23508 151537.456
23537 151584.258
23538 151585.506
23569 151713.032
23579 151766.529