
1 37008.75
2 38886.269
3 40246.751
8 40752.054
9 40945.764
27 41999.549
29 42602.404
34 42721.855
42 43619.825
43 43739.291
47 44010.685
48 44480.197
60 44547.33
71 44682.306
73 44932.888
79 44943.057
101 45096.91
103 45486.297
117 45515.611
129 45653.349
144 45713.967
193 45808.874
196 45819.029
198 46025.849
199 46078.42
204 46289.637
206 46402.088
214 46541.098
220 46665.348
225 46682.169
227 46899.872
229 47091.291
237 47164.199
510 47180.602
699 47217.981
703 47362.414
759 47393.136
761 47582.082
762 47616.443
767 47744.321
769 48028.822
776 48076.488
780 48140.041
992 48141.212
994 48166.749
998 48221.766
999 48570.426
9508 48711.185
15823 48814.101
16243 48849.775