
1 1001043.104
3 1041644.572
5 1064975.525
6 1083762.037
8 1093802.253
10 1101028.163
11 1110413.183
12 1113359.351
18 1119993.495
19 1121549.517
25 1126438.091
26 1129785.006
27 1129984.042
30 1131862.501
31 1133509.327
34 1135565.15
35 1136197.042
37 1136508.482
39 1140228.502
44 1140402.727
47 1142909.189
55 1145891.794
57 1147129.027
58 1148758.657
74 1151513.323
92 1152081.595
120 1153615.667
130 1157023.617
132 1157182.056
146 1157943.16
155 1158207.098
160 1159532.379
172 1160000.367
173 1161311.737
176 1161680.487
178 1162617.001
211 1162728.173
219 1164135.267
220 1164281.738
225 1164504.805
230 1164877.356
231 1167251.06
254 1167792.666
260 1168247.534
261 1168428.159
281 1168557.981
290 1169793.146
294 1170575.428
335 1170764.659
338 1171271.278
348 1171655.378
352 1172341.55
359 1172443.893
400 1173605.626
403 1174498.634
404 1174621.527
406 1174657.63
408 1174952.949
442 1175429.434
443 1175447.418
453 1175736.972
472 1176335.783
501 1176496.412
504 1176731.198
552 1177038.299
575 1177108.519
590 1177709.089
613 1178307.967
624 1178337.161
630 1178582.55
634 1179640.252
640 1180306.016
648 1180463.164
702 1180883.801
718 1181853.633
752 1181870.3
760 1182961.762
831 1183494.67
832 1183981.183
878 1184773.519
3294 1185297.217
7186 1185568.435
29605 1185970.849