
0 999149.528
1 1036722.95
2 1059546.243
3 1081710.967
10 1102592.977
11 1112787.86
12 1113504.621
14 1122688.932
15 1128060.361
16 1130356.284
17 1131092.643
19 1132945.476
32 1136080.475
34 1140732.968
35 1142191.003
37 1146850.873
38 1149500.698
41 1152572.432
42 1155129.385
48 1156805.834
50 1158763.612
56 1158927.395
61 1160115.318
64 1160180.607
66 1160811.798
68 1162018.804
70 1162759.654
72 1164109.489
77 1165367.475
79 1166953.98
81 1167498.682
82 1167847.452
85 1168116.326
86 1170020.089
90 1170683.999
92 1171059.681
98 1171535.595
103 1173172.171
112 1174209.982
113 1175461.606
116 1175998.627
118 1178470.918
124 1178699.639
132 1178808.19
134 1180067.634
138 1180269.516
139 1180364.441
146 1181163.659
160 1181248.112
161 1183484.836
163 1184495.984
171 1186147.53
172 1186629.796
178 1187297.442
180 1188929.935
300 1188962.013
302 1189785.01
305 1190644.733
339 1191003.687
458 1191284.924
477 1191379.727
490 1191771.269
502 1191810.705
505 1192523.156
506 1194152.773
521 1194251.769
523 1194260.225
543 1194835.362
549 1195213.429
553 1195264.602
566 1195841.729
652 1196497.294
669 1196907.418
686 1198136.966
694 1200283.89
697 1200322.309
42842 1200476.423
43386 1200744.546
43391 1201385.963
43398 1201570.983
43419 1203415.693