
0 34288.264
2 34375.421
3 36349.288
8 37274.847
14 37409.904
15 38214.399
17 39130.075
23 40743.783
24 40745.134
27 41235.347
33 41467.843
36 41635.042
55 41923.841
58 41979.989
59 42114.447
62 42206.59
63 42645.838
65 42888.852
125 42908.721
158 43025.49
163 43358.505
188 43599.989
189 43938.914
198 43948.668
256 44110.225
259 44118.432
260 44124.808
261 44375.627
631 44408.176
637 44413.631
643 44547.247
656 44605.841
663 44859.796
716 44865.028
721 44909.884
734 44961.454
738 45007.688
739 45058.849
796 45069.029
1006 45185.489
1038 45232.205
1043 45340.523
1112 45395.91
1122 45446.459
1130 45556.012
1138 45658.812
1329 45712.728
1331 45783.557
1342 45816.268
1343 45861.244
1352 45989.118
1356 45995.914
1385 46074.701
1576 46096.411
1577 46123.834
1698 46128.868
1730 46190.753
1826 46200.134
1829 46351.544
1832 46383.6
1842 46385.841
1855 46385.842
1877 46512.259
1889 46513.544
1925 46578.672
1960 46632.926
1970 46639.99
1979 46741.565
1983 46763.505
2007 46832.342
5434 46851.352
22055 46866.237