
1 299529.855
2 314849.026
3 323577.52
5 329568.969
7 332320.866
8 336791.518
10 339829.137
11 340951.141
12 342073.19
22 343015.06
29 344545.182
30 345257.834
35 346376.197
37 348240.152
43 348771.937
55 349837.744
59 351039.477
85 351355.933
91 351399.769
93 352223.797
97 352311.638
104 352315.243
117 352383.731
120 352695.928
124 354465.476
125 355578.757
128 355813.619
131 356255.092
132 356738.331
157 357324.281
231 357519.849
241 357559.323
244 358470.82
245 359530.69
362 360275.675
382 360406.386
394 360476.405
395 360935.009
407 361083.541
412 361284.768
457 361348.302
468 361521.702
472 361690.482
492 362197.419
500 362931.093
515 363077.643
541 363254.393
562 363691.923
576 363790.152
587 364314.733
589 364353.455
673 364502.55
681 364540.513
720 364544.932
754 364613.135
785 365103.621
818 365573.47
954 365883.268
975 365957.403
996 365997.368
1009 366022.735
1050 366137.147
1056 366204.699
14656 366235.902
14661 366289.924
14687 366469.224
14759 366512.998
14827 366839.27
19701 367222.885