
0 938869.28
2 996994.663
3 1035585.207
7 1063288.671
8 1078018.439
13 1088633.862
15 1097838.532
20 1110873.368
21 1115813.528
30 1120868.677
32 1122994.086
33 1124317.616
36 1125031.768
37 1125224.76
39 1126425.008
42 1128609.124
45 1129247.213
50 1133983.179
51 1135679.974
60 1136953.911
61 1137065.187
63 1138228.367
64 1140639.559
66 1142941.423
89 1143832.338
92 1144917.007
94 1145175.024
95 1148602.331
100 1150573.865
101 1150593.994
105 1152303.547
110 1154436.893
112 1155132.306
114 1155869.594
143 1157110.685
144 1157455.496
146 1157678.505
152 1158415.287
154 1158944.451
156 1159116.645
170 1160088.211
182 1162017.074
185 1163171.116
191 1164241.673
202 1164367.478
203 1165433.252
205 1165806.346
207 1166161.222
228 1167373.277
278 1168685.424
283 1168788.651
300 1168999.546
301 1169529.968
303 1170070.58
413 1170607.837
444 1171392.933
456 1171794.043
482 1172674.912
483 1173381.111
514 1173383.493
536 1173486.207
545 1174017.699
588 1175087.986
606 1175420.872
608 1176534.57
816 1176634.452
818 1176765.715
842 1177563.878
848 1177894.924
860 1178466.014
866 1179248.273
885 1179676.468
904 1179831.011
908 1179868.491
921 1180214.705
931 1180664.374
964 1180921.869
975 1181399.428
1010 1181709.384
1029 1182623.534
1034 1182895.828
1086 1183793.804
1128 1184328.534
1130 1184491.063
1183 1184679.024
1189 1184930.548
1191 1185109.132
1229 1185192.894
1257 1186127.312
18811 1186275.729
18821 1186342.747
18832 1186791.144
24227 1186876.023
24263 1187604.672
24317 1188847.116