
0 35460.533
1 37295.8
3 38771.061
5 39925.136
8 40963.418
12 42264.271
15 42498.722
16 43456.659
30 44264.992
43 44618.932
46 44632.815
49 45184.423
56 45308.505
71 45483.849
73 45741.02
79 45924.598
194 45951.394
196 46051.021
198 46308.834
201 46326.335
202 46518.407
204 46668.905
419 47118.153
423 47315.726
777 47650.51
860 47665.156
1015 47748.505
1026 47791.022
1046 47801.861
1057 47889.788
1253 47904.029
1259 48008.87
1366 48047.28
1408 48049.397
1426 48057.694
1544 48233.614
1569 48239.397
1586 48260.22
1615 48309.893
9279 48326.609
11062 48446.45
11080 48479.625
11081 48499.669
11085 48641.141
11087 48644.135
11091 48652.752
11179 48737.919
11216 48762.393