
0 36234.247
3 36995.558
4 38432.898
5 39061.015
6 39446.63
8 40021.523
10 40473.206
13 40666.462
14 41231.093
18 41325.446
21 41326.316
23 41467.533
24 41691.376
25 41748.567
31 42553.088
63 42622.297
64 42933.827
68 42965.602
69 43118.035
78 43149.931
119 43313.617
129 43427.052
255 44048.145
256 44216.264
287 44475.976
293 44596.733
527 44606.986
528 44843.133
679 44988.846
872 45061.493
956 45123.696
960 45250.013
964 45376.592
967 45480.832
1336 45719.829
1344 45827.947
1351 46042.231
1353 46077.811
1432 46135.066
1491 46182.733
1495 46238.334
1508 46315.258
9561 46324.042
12524 46354.837
12578 46383.483