
0 297470.752
5 311327.798
6 324221.62
8 328177.113
9 331957.672
12 334072.444
19 337222.836
20 340964.303
22 341729.009
23 343204.81
24 345371.523
26 348104.597
28 348121.313
30 348927.289
31 350289.466
35 351749.947
46 352715.005
47 353787.594
54 354734.883
56 355251.37
58 355835.812
60 357177.001
65 358264.132
69 358856.441
70 359479.226
76 360004.64
79 360168.354
91 360190.215
93 360612.477
97 360678.839
98 361256.018
164 362262.302
169 362412.198
174 362575.761
175 362636.431
176 362828.766
178 363059.865
200 363203.129
201 364452.329
205 364916.423
206 365870.827
211 366497.859
234 367282.84
236 368013.995
466 368272.1
471 368309.858
473 368532.913
480 369310.957
485 369787.965
513 370353.46
640 370590.369
645 370813.569
655 371317.76
657 371514.506
2052 371947.51
2058 372157.7
11873 372256.936
14318 372746.506
14330 372763.803
14334 372774.574
14350 373282.585