
0 121929.072
4 123585.536
9 124364.883
10 127527.743
11 131123.481
13 131740.417
18 133357.456
19 134563.914
20 136585.029
25 139315.044
27 140420.883
28 140448.591
32 141621.916
35 142210.235
36 142263.226
41 142519.087
62 142595.847
66 143253.426
67 143562.841
70 143615.091
88 143645.102
89 144017.764
97 144058.566
117 144216.439
119 144385.497
133 145085.403
187 145130.584
190 145454.666
197 145562.201
240 145669.221
241 145876.572
243 146177.581
280 146416.693
473 146469.742
482 147254.091
493 147737.465
496 148668.6
540 148726.784
553 149116.24
562 149200.678
563 149291.447
571 149604.5
579 149721.556
1140 149877.861
1304 149929.107
1309 150134.992
1314 150146.903
1329 150156.357
1359 150180.189
2555 150235.2
8121 150274.209
8133 150618.406
8154 150635.046
8178 150832.31
8533 150927.826
8556 151112.338
9437 151124.879