
1 299407.858
2 317010.532
3 318182.824
5 327725.54
8 334645.296
9 337019.242
15 340492.847
16 342785.752
19 345182.845
21 346669.926
23 346776.613
24 348253.74
26 348493.424
32 349194.898
33 349747.84
35 350458.167
37 351663.589
49 352626.67
67 353171.469
75 353194.91
80 353438.452
102 355226.41
108 355752.184
115 355759.923
144 356334.034
167 356653.261
170 357470.749
174 357581.429
176 358648.72
181 358885.189
182 359209.877
400 359348.113
445 359699.615
450 360433.442
489 360468.916
492 360800.88
500 361332.313
515 361501.672
530 361971.724
541 362090.411
558 362554.799
570 362601.673
575 362616.475
606 362721.252
646 362796.217
687 362860.394
694 363255.784
696 363808.058
701 363817.258
702 364202.722
718 364242.084
774 364345.827
962 364449.713
1001 364847.457
1025 364863.111
1049 364911.797
1164 365085.107
1165 365179.801
1182 365272.076
1219 365736.099
1246 366526.239
2242 367008.59
2298 367049.116
12389 367087.95
15573 367151.999