
1 277469.706
2 300834.601
4 316240.76
5 325840.237
6 333437.943
11 340283.541
16 343349.696
17 346744.935
18 348263.71
20 348910.892
22 350739.32
25 351196.166
27 353620.739
34 354810.679
35 355216.377
41 355228.336
44 355245.087
46 356737.954
49 357027.491
51 357640.893
52 359396.025
54 360156.06
66 360722.899
68 361252.486
81 361728.058
84 362242.687
87 362435.186
88 363022.374
108 363787.318
112 363890.722
113 364184.168
118 364887.192
119 365307.926
122 366065.269
138 366331.038
143 366333.486
144 366469.725
146 366796.344
168 367044.451
179 367078.275
189 367562.594
190 367809.261
192 368380.681
201 368744.257
204 368967.843
205 369184.096
212 369714.019
223 369732.91
308 369807.844
312 370528.069
348 371291.584
362 371436.83
457 371545.844
458 371582.431
493 371628.641
513 372786.823
514 373268.937
518 373419.669
532 373421.021
549 373889.343
674 373890.129
718 374399.629
725 374699.48
733 374818.109
736 375437.507
743 375530.75
8298 375545.694
8308 376014.852
27445 376152.014