
2 37926.98
8 38128.363
11 40711.788
12 41865.077
15 42323.289
22 42366.364
23 42609.093
29 42793.139
32 43456.249
39 43548.908
40 43952.333
45 44277.279
46 44686.599
52 44855.609
53 45024.27
57 45147.673
63 45248.745
123 45572.699
124 45599.724
131 45784.632
136 45787.116
137 46132.136
203 46179.372
231 46181.909
234 46250.436
235 46382.53
260 46459.143
262 46579.701
430 46589.646
432 46862.859
465 46903.676
732 46937.901
812 46948.056
815 47129.39
816 47264.365
818 47316.394
821 47389.896
825 47403.967
883 47488.319
914 47682.309
915 47869.308
925 47873.206
974 47886.347
985 48000.255
1187 48030.711
1199 48060.774
1217 48070.062
1398 48118.866
1400 48360.521
1422 48617.272
7396 48660.802
7401 48749.079