
2 103920.725
3 104163.609
29 106319.362
88 106819.067
168 107102.474
835 107254.412
836 107740.314
1557 107968.217
1561 108574.393
1562 109070.038
3128 109261.035
3134 109285.087
3927 109303.088
3943 109434.862
4160 109649.944
4170 109841.723
4178 109975.981
4193 109998.332
4299 110036.53
4363 110072.157
4369 110184.311
4379 110369.53
4460 110416.894
4718 110453.194
6264 110510.185
6286 110649.351
6324 110764.054
7562 110867.843
7597 110869.487
7671 110901.806
7718 110937.546
9186 110942.344
14731 110996.852