
0 280439.737
1 303106.041
3 316426.305
8 326617.037
9 333905.769
11 338653.614
12 339061.051
14 341710.585
15 344438.852
17 346228.365
19 347121.361
22 349643.75
23 349835.995
26 350588.419
28 351633.562
32 352252.856
42 352376.783
49 352553.542
51 354123.49
54 355224.792
64 355460.605
67 355583.223
77 356137.551
80 357123.415
85 357437.715
89 357532.189
93 359199.84
101 359601.582
106 361263.477
113 361299.112
118 361590.134
198 362321.888
220 363011.308
221 364365.684
223 364855.032
282 364876.482
485 365149.841
523 365242.047
527 365334.344
531 367219.431
590 367388.876
600 367532.964
633 367558.464
635 367592.858
636 367834.018
638 368778.919
639 369145.406
644 369483.989
671 369783.629
684 369955.777
703 370103.441
713 370150.299
729 370246.085
4665 370419.757
4684 370614.349
4688 370772.699
4717 370773.869
4724 370961.022
4738 371166.73
17642 371233.038
17649 371300.862
17655 371339.805
17656 371372.982
17657 371882.165
18058 371911.938