
1 277756.708
3 298561.923
4 311950.746
8 322127.575
9 329498.975
10 330770.017
12 334820.058
13 336936.889
14 338073.528
16 338175.682
18 341575.431
19 342329.869
20 342746.924
23 343761.88
27 344972.154
31 346096.722
34 347733.039
35 348134.373
42 348649.524
47 348711.166
53 349069.677
58 350102.649
60 350179.026
63 351250.731
64 351379.833
84 351575.706
88 351581.687
98 352450.57
102 352978.137
137 353404.229
140 353760.635
146 354643.401
177 354944.242
179 355008.548
193 355045.57
196 355773.381
243 355817.179
284 356139.0
285 357085.761
286 357355.769
292 358012.971
298 358268.246
304 359303.499
321 359370.883
323 359707.802
327 360111.504
328 360559.578
481 360817.559
492 361027.586
549 361246.563
575 361329.115
576 361611.764
583 361787.062
651 362103.307
760 362257.663
776 362611.37
806 363118.223
815 363567.642
822 364368.944
844 364576.097
886 364849.743
1036 364878.512
1042 365472.607
1060 365556.929
1069 365586.334
1071 365726.811
1090 365865.167
1095 366250.266
1138 366512.341
3516 366763.894
3518 367068.944
12088 367190.12
12125 367623.729
12153 367647.549