
1 120435.098
3 124300.499
4 128022.589
7 131403.105
10 134116.652
11 136829.097
12 137755.125
13 138162.598
14 138733.973
15 139159.895
26 140022.083
29 140596.247
30 141683.207
33 141730.563
35 142363.329
39 142628.599
58 142790.277
60 142951.149
66 142988.598
67 143103.526
68 143516.518
71 144442.42
126 144601.745
144 144634.68
145 144924.6
148 145672.18
194 145809.62
212 145874.893
219 146367.12
222 146439.586
254 146456.577
261 146731.17
287 146751.036
303 146994.451
304 147120.438
308 147181.752
309 147686.55
462 147939.554
463 148115.449
575 148262.723
852 148637.704
856 148701.708
863 149032.87
867 149291.087
886 149328.395
937 149633.431
2463 149726.108
2474 149837.536
2936 150084.529
2951 150325.314
7206 150339.986
7286 150517.342
10967 150594.122