
0 121130.72
3 127066.114
4 130819.156
6 132495.442
10 135119.598
11 136622.268
16 138302.142
22 138395.03
23 138636.136
24 140473.356
28 142196.64
30 142591.91
32 143221.112
87 143319.092
88 143736.086
89 144010.282
106 144521.942
138 144528.168
179 144536.248
181 144597.242
186 144976.99
189 145045.187
250 145048.71
258 145316.623
262 145401.486
267 145789.853
273 146137.665
274 146690.454
321 146719.79
322 147064.262
330 147153.475
335 147177.098
336 147373.735
353 147480.494
355 147650.712
362 148150.119
369 148454.402
805 148472.604
807 148512.951
817 148678.678
820 149039.227
900 149256.179
902 149375.141
907 149450.358
908 149605.662
915 150023.467
917 150451.456
921 150545.74
930 150638.381
934 150660.082
940 150989.949
955 151086.786
961 151119.574
1030 151201.096
1051 151210.651
1053 151241.604
1077 151244.675
1079 151364.338
1094 151608.874
2838 151680.98
13738 151919.394
18310 151934.481
18329 152006.582
18341 152036.929