
0 285337.937
2 306018.622
3 308758.946
4 319742.499
5 327264.23
7 331686.961
12 337948.342
13 340712.043
15 342788.204
19 345798.706
22 348091.221
25 349976.544
28 350444.225
32 351003.46
33 351714.066
35 352412.218
46 352867.986
48 353664.195
49 354854.602
50 355362.434
53 356052.712
65 356196.944
69 356513.025
74 357594.351
80 357621.804
81 358867.481
84 359449.252
92 359668.92
94 360702.905
104 360926.674
114 361481.33
116 362282.727
124 362300.493
133 364106.499
205 364408.422
214 364493.421
236 365189.537
244 365426.328
270 365877.965
345 366027.978
349 366212.058
350 366938.723
355 367526.408
526 367742.307
530 368013.908
532 368539.444
537 369134.219
769 369911.38
854 370269.521
864 371030.847
2688 371317.76
2699 371938.783
5422 372231.532
7684 372559.797