
0 34688.292
1 36580.166
2 37587.641
4 38794.847
11 39069.643
13 39669.176
16 40081.377
18 40217.856
30 40263.33
31 40772.558
32 40785.788
36 41388.611
38 41519.337
41 41579.015
47 41920.76
59 42241.951
68 42634.866
69 42724.336
75 42982.335
79 43189.046
147 43366.339
175 43381.417
190 43579.13
194 43815.261
196 44075.519
307 44379.086
347 44420.378
353 44556.933
709 44566.769
710 44570.816
719 44609.47
750 44680.653
751 44826.498
754 45056.229
760 45118.812
871 45315.784
874 45443.645
1239 45507.712
1241 45537.853
1247 45621.7
1250 45631.842
1281 45738.799
1291 45928.891
1311 46159.078
1333 46190.919
1340 46275.177
1418 46297.347
1430 46307.254
1498 46307.407
1538 46318.883
1771 46321.411
1812 46345.691
1816 46349.665
1876 46369.948
1895 46382.088
1961 46399.057
1977 46400.063
1992 46414.67
2019 46495.523
5702 46534.161
5718 46589.557