
0 35864.882
1 39208.876
3 39987.92
7 41091.799
8 41300.357
9 41659.398
12 41687.457
13 42430.794
15 43327.007
16 43660.024
18 44688.273
61 44797.377
65 45250.895
97 45333.207
98 45349.823
111 45403.569
114 45468.638
164 45527.324
171 45541.29
326 45735.884
327 45967.471
328 46153.095
329 46159.819
331 46351.242
332 46366.131
335 46576.937
347 46598.413
445 46606.92
446 46828.52
447 47172.978
456 47296.173
469 47437.803
571 47450.371
572 47581.542
634 47619.307
635 47835.458
1171 47854.101
1175 47866.794
1307 47918.749
1474 47932.58
1524 47987.603
1532 47996.582
1603 48329.881
1787 48488.554
15274 48554.837