
5 118711.211
7 125587.318
10 130411.363
13 135351.569
15 137605.29
16 139257.205
20 139757.466
21 140104.523
24 141086.923
25 142123.735
31 142564.596
34 142619.986
36 142698.586
40 144803.223
47 144956.305
49 145072.15
53 145435.112
56 145790.378
57 146340.122
58 146704.738
60 146849.353
67 146977.161
68 148091.259
80 148507.837
81 148874.62
82 149086.282
150 149505.047
154 150126.105
156 150852.424
158 151123.762
186 151584.454
207 151635.094
211 152379.953
460 152893.253
468 152966.054
534 152998.157
538 153385.552
539 153392.359
542 153656.655
549 153703.04
552 154055.667
1717 154338.96
1753 154398.42
1817 154723.641
1850 154904.932
1864 155091.032
1865 155407.62
11630 155448.101
11672 155489.979
29857 155493.689