
0 1009027.62
2 1044033.977
4 1070569.661
5 1089763.668
7 1108623.01
8 1118821.353
16 1124551.923
22 1133746.592
23 1137834.497
24 1141960.286
25 1143824.925
28 1148763.369
32 1152206.959
37 1153166.108
40 1155057.244
43 1156933.332
46 1159055.892
47 1161643.363
48 1162426.713
50 1162761.999
53 1163470.244
56 1164713.629
57 1167559.938
58 1168087.316
65 1169076.81
66 1170319.434
75 1171245.83
89 1173369.604
96 1173558.522
98 1173993.522
99 1174589.597
103 1175237.49
104 1177599.932
110 1177753.017
121 1178397.998
134 1178485.292
151 1178704.128
153 1179947.624
154 1181060.251
166 1181414.953
169 1182945.372
183 1183727.216
186 1184376.036
188 1184766.471
214 1185218.863
224 1185467.585
233 1185682.018
235 1185762.08
241 1186877.791
277 1188989.744
297 1189123.106
301 1190498.571
314 1190808.167
355 1191033.907
361 1191179.103
365 1192458.402
379 1192902.133
503 1192995.265
513 1193701.856
518 1193932.755
540 1194273.865
643 1194469.873
661 1196265.611
685 1196356.26
724 1197309.418
796 1197666.711
818 1197681.971
834 1197768.621
848 1197769.072
849 1198213.566
861 1198779.835
870 1199550.734
926 1199747.179
967 1199886.847
1656 1200403.862
3063 1200660.875
3861 1201747.785
7899 1202170.011