
1 121797.51
4 127615.54
6 130849.083
7 133175.885
11 134882.861
13 135120.403
15 135860.973
16 137350.125
18 137612.055
21 139481.734
22 140279.827
24 141156.16
25 141238.365
28 142682.461
29 143123.607
30 143872.968
112 144322.5
115 145029.716
119 145080.435
223 145313.636
226 146194.66
242 146223.535
400 146654.725
404 146703.586
408 147230.208
420 147897.466
424 148200.565
431 148288.018
470 148336.776
477 148426.597
485 148549.345
486 149114.778
886 149260.717
916 149348.937
948 149504.686
953 149532.651
998 149763.482
1014 149891.206
1089 149898.329
1093 150177.068
1134 150253.625
1135 150363.778
1328 150376.455
1346 150442.96
1389 150594.961
1529 150746.761
1555 150795.965
1595 150847.196
1596 151048.567
1668 151096.95
1684 151125.764
1710 151129.94
1733 151205.474
1817 151673.16
5372 151809.883
5376 151831.651
5427 151856.136
5448 151971.241
5458 152319.492
5473 152436.782