
0 954409.506
1 1010187.063
4 1054332.432
10 1080015.282
11 1095135.742
13 1106773.178
16 1117499.107
18 1123549.499
20 1130105.81
22 1130645.858
25 1135409.85
29 1142314.808
30 1143603.195
32 1143926.741
33 1147161.597
34 1150275.739
39 1154778.189
42 1156484.885
44 1156920.722
45 1158429.475
48 1159586.968
57 1159861.53
61 1162768.186
77 1163903.472
81 1166883.572
83 1167970.526
88 1169278.966
89 1169961.705
91 1171279.638
92 1172090.66
103 1173015.808
110 1173752.587
121 1174509.673
125 1174860.901
139 1175618.519
202 1178711.724
209 1178844.703
214 1179518.484
219 1179980.351
255 1180214.328
259 1180464.078
261 1180814.064
263 1181300.803
266 1182106.608
273 1182698.74
304 1183009.579
311 1183831.241
324 1185013.434
336 1185159.25
337 1185726.301
340 1185951.63
362 1186918.29
363 1187241.943
379 1187291.369
390 1188325.964
395 1188662.805
407 1188938.828
416 1189338.244
451 1189489.729
459 1190869.702
460 1191254.815
465 1192149.006
471 1192620.174
482 1193760.197
617 1194018.137
637 1194242.706
690 1195860.503
725 1196434.633
731 1196852.347
4415 1198741.663
4425 1199293.58
16981 1199296.856
20119 1199433.966