
0 31825.053
1 32382.298
2 34652.744
3 34818.053
4 36723.202
5 38187.454
7 38971.745
8 40290.829
52 40876.447
54 41559.246
59 41960.752
62 42409.933
82 42528.775
93 43200.78
109 43327.99
115 43634.374
120 43707.106
127 43782.394
137 44180.423
245 44278.39
255 44332.916
256 44552.529
262 44626.825
584 44682.636
609 44754.172
647 45098.834
936 45311.778
1092 45368.527
1102 45545.366
1138 45772.004
1143 45903.253
1160 46028.149
1189 46082.919
1204 46160.539
1227 46387.581
5717 46433.322
5730 46501.582
5776 46502.975
5790 46708.045
14474 46789.954
15642 46831.153