
0 279298.545
1 300849.069
2 314726.618
4 329860.568
5 333900.273
6 337318.766
7 341825.026
11 343609.032
13 345765.534
14 345936.677
18 349270.821
20 349683.316
27 350895.018
30 353854.605
39 355079.99
44 356517.182
77 357275.026
80 358386.372
83 358649.657
96 358952.552
119 359609.037
120 360291.38
122 360397.427
123 360612.342
128 361054.27
136 361120.762
138 361848.92
141 361885.759
154 362264.182
179 363665.429
188 363990.537
192 364115.889
195 364284.06
196 364429.843
201 364877.426
204 365250.561
247 365270.526
262 366035.532
272 366312.623
276 367027.449
336 367923.333
352 367956.796
390 368030.658
392 368451.732
488 369182.155
586 369625.807
589 370599.301
623 370748.295
667 371059.061
683 371076.989
686 371311.836
3905 371332.783
3913 372066.119
3925 372232.437
3931 372426.376
3937 372514.508
8296 372836.068
8333 372969.7
8367 373452.612
8440 374022.501
17981 374032.005
18041 374150.778