
0 298788.989
1 311070.076
4 321555.712
5 326953.961
7 328176.815
11 330121.101
12 333134.945
16 334360.12
18 335917.92
19 338417.751
22 340534.838
24 341332.011
26 344031.174
28 344522.521
29 345543.031
32 345903.968
43 346853.031
46 348042.515
57 348884.096
59 349095.457
62 349838.338
63 350059.27
69 350294.07
82 350698.818
83 350886.261
99 352458.942
100 353472.825
103 354549.775
105 355328.624
189 355424.543
191 357375.871
238 357409.894
241 357519.961
248 359060.502
262 359953.086
263 360585.687
500 360687.613
505 361320.881
511 362170.997
527 362174.652
544 362555.366
584 362845.466
666 362984.433
671 363281.906
676 363411.896
691 363860.842
692 364063.292
711 364077.187
720 364513.938
749 364532.055
861 364658.386
870 365327.497
975 365554.449
1015 365755.785
1032 365940.077
1046 366027.92
1085 366628.461
15677 366644.897
22597 367220.58