
0 1002891.57
1 1041949.226
3 1075494.753
4 1094151.386
5 1106215.568
6 1114552.839
7 1120183.169
8 1120322.797
12 1128987.144
17 1134273.992
20 1135302.34
22 1137620.63
24 1139596.254
25 1141573.506
26 1143610.862
27 1144562.77
28 1149022.575
32 1152977.132
33 1154606.1
34 1157565.219
35 1160183.249
36 1161773.678
39 1162222.216
40 1164895.652
50 1165277.952
54 1166254.35
55 1168618.484
56 1172119.417
57 1172255.383
58 1173431.679
59 1174543.658
60 1176176.734
63 1176606.387
65 1176759.969
66 1177706.246
69 1178182.633
74 1178703.729
76 1179633.237
78 1180878.659
91 1181547.901
96 1181571.886
101 1183384.907
103 1183842.046
115 1184201.654
120 1184456.036
124 1185022.341
129 1187223.521
131 1187620.629
132 1187716.313
171 1187966.036
179 1189497.762
185 1189885.478
233 1190514.413
254 1190917.835
265 1191222.962
274 1191963.033
279 1192069.719
317 1192603.877
346 1192997.221
349 1193011.5
352 1193839.332
381 1194223.3
384 1194373.517
402 1194741.705
410 1194864.093
413 1196009.939
422 1196116.299
444 1196363.3
446 1197225.754
494 1197546.822
586 1197961.621
608 1198409.88
609 1198843.666
617 1199126.273
17690 1199170.12
48464 1199409.096
48575 1199564.628
48616 1199629.693