
2 123092.513
3 129668.901
6 132517.094
8 135473.179
9 138778.883
10 139494.535
11 141091.357
12 143443.298
19 144285.296
22 144336.14
26 145297.732
30 145656.572
35 145971.183
43 146725.668
44 147599.817
46 147734.394
47 147765.178
52 147869.34
54 148400.799
57 148735.664
58 148954.224
59 149370.695
66 149724.409
67 149881.817
72 149947.568
121 150401.367
129 150411.518
174 150488.191
183 150495.651
184 150800.202
199 150982.165
201 151437.733
208 151466.138
210 151481.797
211 151532.497
216 151918.569
217 152118.255
436 152274.986
438 152295.414
441 152506.245
443 152535.216
444 152781.112
457 153047.946
469 153162.341
477 153216.877
479 153416.618
481 154184.511
537 154276.688
559 154399.364
593 154558.376
670 154627.312
672 154816.755
673 155116.367
748 155157.431
1832 155298.804
1857 155444.184
1883 155524.804
8076 155643.768
8115 155655.64
8119 155707.772
12638 155887.893