
0 275546.36
1 297751.947
2 310138.283
3 321272.196
4 330249.849
15 335488.097
16 335602.893
17 338011.488
19 340369.4
20 341153.696
21 342500.64
22 345011.95
24 345272.119
26 346936.534
31 347261.636
32 347594.958
35 348470.65
52 348857.189
60 349597.283
67 349713.051
68 351702.638
72 352165.304
92 352371.957
93 353712.916
95 354027.694
113 354328.219
164 354992.017
177 355109.639
181 355362.035
182 356032.793
207 356684.715
208 356850.543
213 357181.155
217 357729.448
255 357891.865
269 358429.493
273 358476.519
274 358568.539
280 358805.582
286 359134.699
294 359194.153
297 359743.756
298 360625.389
303 360667.614
319 361116.194
333 361197.939
349 361518.561
354 361583.866
356 361709.834
369 361795.764
648 362048.963
671 362179.72
697 362195.239
704 362434.095
723 362657.33
754 362948.793
773 363039.855
776 363158.889
783 363436.173
825 363969.547
876 363997.702
887 364123.814
6984 364206.101
7020 364215.105
7032 364540.608
7062 364645.58
8718 365259.519
8721 365366.027