
0 100844.175
1 102098.6
5 103194.773
10 105321.722
29 105721.742
51 105877.716
154 106169.02
166 106761.438
598 107063.108
901 107082.466
902 107385.035
1765 107446.318
2137 107665.746
2337 107811.036
2354 107886.308
2380 108000.478
2409 108570.79
2811 108860.673
3756 109205.171
3785 109481.929
3804 109517.436
5220 109591.872
5221 109661.319
5226 109790.025
5319 110031.842
5353 110098.31
5439 110186.322
5441 110295.448
5496 110358.844
5536 110408.435
5546 110483.908
5550 110656.419
5570 110763.371
5605 110775.013
5612 110811.269
5622 110812.864
7425 110821.767
7460 110934.769
7701 110948.13
7734 110952.44
8120 110970.357
8135 111035.911
9436 111042.123
10024 111082.356
10894 111115.786
10975 111144.785
11844 111150.381
14533 111203.685
15212 111209.33
16042 111232.553
16080 111249.956
16287 111258.22
22391 111263.404