
0 930148.164
1 931505.509
2 934525.265
3 997487.761
4 1036821.936
6 1063007.472
7 1077634.068
9 1091824.065
13 1099950.772
14 1108102.388
15 1111602.075
18 1117151.933
20 1121778.118
21 1125633.93
22 1129091.92
27 1130388.311
28 1131733.056
39 1134146.202
42 1135646.68
45 1136769.547
49 1137871.449
50 1137903.02
52 1140958.3
57 1143003.832
60 1143528.907
62 1144286.905
66 1146641.569
72 1146898.075
77 1148016.164
98 1150823.3
101 1152254.647
110 1152269.308
113 1152446.795
114 1153245.724
115 1153971.726
118 1155145.863
126 1155246.357
128 1155642.36
132 1158028.718
134 1158742.24
141 1159202.696
152 1160198.183
153 1161242.131
157 1161810.07
164 1162096.384
178 1162241.535
179 1162525.023
187 1164278.554
196 1164786.77
203 1165402.698
204 1166564.129
240 1166825.233
252 1167107.979
266 1167721.012
267 1168100.738
274 1168419.939
383 1169115.01
390 1169230.133
392 1170572.031
395 1170736.757
401 1171095.387
406 1171205.094
409 1171401.939
411 1171785.639
419 1172136.807
420 1172640.375
436 1172788.768
445 1173061.511
454 1173598.701
457 1174835.428
460 1175329.11
476 1176165.266
491 1176248.529
502 1176667.055
505 1176855.838
514 1177714.23
517 1177928.133
567 1178841.23
593 1180029.658
8249 1180048.273
8250 1180149.312
8251 1181194.582
12408 1181286.763
12430 1181824.076
12434 1182372.107
13875 1182508.13
13907 1182970.039
13929 1183213.276