
0 125538.821
4 131715.238
5 135038.516
6 139042.725
7 140295.777
8 141281.62
10 143116.306
11 144589.894
13 145421.443
19 146177.423
28 146823.164
30 146887.528
31 147769.503
34 148026.263
57 148079.303
59 148493.306
61 148877.636
62 149308.478
104 149632.639
116 149806.324
119 149852.007
124 150185.541
127 150232.826
197 150250.118
198 150306.61
210 150741.276
309 150953.986
631 151227.851
640 151263.767
641 151361.154
644 151517.525
648 152170.511
670 152288.912
675 153047.632
705 153420.623
714 153468.604
726 153782.774
734 153818.191
754 153854.264
756 154097.202
781 154311.9
782 154375.484
785 154489.159
786 154607.439
787 154954.629
790 155027.144
791 155262.146
817 155774.229
8602 156086.672
8614 156114.539
8625 156136.057
8800 156172.28
8804 156240.961
9963 156258.373
18769 156259.49
18783 156350.568