
0 117761.155
1 125147.639
2 129233.858
4 133129.327
5 136469.812
8 139367.178
9 139730.603
10 141165.178
12 141246.917
15 141692.642
19 141995.291
20 143249.056
21 143996.774
33 144339.55
39 144716.459
40 144793.86
45 144874.164
47 144955.833
49 145270.402
64 146248.443
68 146387.28
72 147181.545
77 148036.854
98 148285.165
120 148343.83
138 148825.662
139 149132.248
141 149521.281
142 150004.398
148 150443.65
234 150490.103
239 150501.581
240 150598.001
247 150796.882
249 151360.256
263 151513.32
270 151608.258
274 151778.841
282 151854.671
294 151927.216
297 152066.948
304 152082.948
310 152131.808
311 152763.655
321 152769.178
324 153033.232
328 153133.699
330 153449.105
878 153498.313
930 153516.573
1029 153690.105
1031 154107.026
2624 154136.362
11100 154190.871
11572 154543.929
11592 154631.547
11668 154847.498
11691 154928.083
11707 155103.955
14623 155159.056