
0 35642.309
3 37116.514
4 37861.752
5 38535.964
9 39518.902
10 40506.931
17 41252.428
23 41556.329
30 42335.225
31 42487.953
32 42667.965
36 42837.916
68 43168.759
71 43228.946
80 43476.165
156 43567.051
175 43593.959
247 43972.436
453 44220.017
455 44462.328
456 44479.081
462 44672.47
697 44748.727
706 44943.661
740 44968.717
744 45092.769
904 45093.369
911 45096.714
913 45193.647
947 45273.998
954 45313.408
958 45381.73
964 45402.445
1027 45410.905
1028 45425.54
1031 45494.435
1033 45495.916
1036 45611.704
1065 45733.623
1120 45742.929
1236 45759.882
1494 45767.313
1519 45792.254
1815 45860.461
1841 45874.734
4674 45911.624
4681 46103.402
4704 46115.599
4796 46157.952
4844 46160.717
4876 46285.219
4902 46323.506
5699 46470.012
5749 46483.498
5765 46522.64
5775 46688.125