
1 102356.345
2 104280.096
4 104984.122
10 105217.457
23 105283.422
55 105912.317
104 106320.54
147 106631.458
206 106662.733
346 107401.166
541 107672.73
542 107945.681
1462 108045.288
1498 108638.327
2160 108720.247
2418 109048.576
2690 109062.497
3028 109133.222
3033 109182.009
3061 109285.619
4223 109360.06
4226 109418.349
4330 109529.874
4343 109645.126
4357 109665.378
4866 109673.832
4932 109800.424
4961 109863.863
4999 109898.679
5053 109914.082
5274 110017.89
5331 110092.24
5374 110116.739
5550 110194.039
5557 110399.015
5595 110454.308
5699 110488.909
5748 110582.253
5955 110669.357
5984 110704.986
9678 110775.613
10589 110821.749
11670 110862.297
21252 110917.703
21263 110947.41
21270 110953.677
21328 110956.454
21620 111052.979
21639 111063.758
22092 111108.278
22190 111172.005
22276 111221.023