
0 1003676.165
2 1037402.339
6 1037587.257
7 1063038.876
8 1086467.796
11 1096820.574
14 1100148.677
20 1106288.759
21 1111701.054
22 1118420.054
25 1119583.102
26 1121087.759
30 1125175.175
34 1127785.985
35 1130392.594
46 1131950.113
49 1133382.368
50 1133961.893
52 1134043.048
55 1137054.563
58 1138546.681
59 1142448.401
60 1143363.939
63 1145195.272
64 1146667.954
75 1149357.041
79 1151407.393
81 1152991.409
82 1153427.133
86 1154535.269
89 1156216.757
94 1157840.621
97 1158439.486
106 1158733.356
110 1158880.644
111 1159150.311
112 1159529.562
138 1159789.423
139 1160437.915
140 1160611.521
151 1160710.22
163 1161288.021
165 1161953.304
170 1162567.708
172 1163242.251
194 1163469.171
205 1163750.787
212 1163841.274
221 1164094.041
223 1166107.271
262 1167742.22
273 1168449.155
349 1169504.845
355 1169915.533
365 1170608.145
381 1170823.405
398 1171109.137
404 1171756.305
415 1171901.298
451 1173339.621
454 1173441.658
478 1173626.926
489 1174090.332
513 1174835.513
514 1176003.508
560 1177345.256
708 1178550.689
718 1178629.5
752 1178832.638
769 1179076.315
771 1179813.486
788 1180023.892
792 1180100.342
813 1180137.625
821 1180190.196
844 1181036.936
845 1181107.054
859 1181659.219
881 1182258.317
918 1182300.011
919 1182311.497
992 1182344.228
993 1182370.586
8851 1182600.305
8879 1183903.367
8898 1183919.543
19745 1183950.953
19747 1184147.632