
0 1007160.557
1 1042205.117
2 1068110.328
3 1086399.277
8 1102994.144
9 1115287.98
10 1123518.529
11 1130127.577
12 1134216.866
16 1137658.434
17 1137914.011
18 1138111.384
21 1141596.122
23 1143231.467
24 1147884.466
27 1151320.596
37 1155370.089
40 1155777.034
41 1157286.915
43 1159812.205
45 1160306.771
46 1160538.311
47 1161733.224
50 1164045.065
54 1164389.886
57 1166513.842
58 1168583.698
66 1168868.025
70 1171004.899
78 1171428.844
85 1172798.305
86 1173199.015
87 1175335.224
91 1176876.522
104 1177110.407
105 1177978.266
115 1178517.656
117 1179101.724
120 1179162.733
181 1179228.241
187 1179844.203
220 1180698.841
280 1182608.357
281 1183243.152
283 1183767.827
306 1184966.52
318 1185744.868
320 1185946.932
321 1186524.184
353 1187057.245
357 1187372.62
363 1187855.116
366 1188711.567
368 1189184.201
375 1189350.283
377 1189536.96
378 1190206.774
381 1191131.423
388 1191204.64
390 1192271.723
392 1192332.977
393 1193003.158
465 1194017.054
471 1195827.018
643 1195836.817
650 1195950.505
651 1195961.108
9530 1195984.368
9533 1196127.134
9550 1196236.107
9587 1196495.841
9610 1196827.233
14748 1197599.273
17570 1197633.106