
0 122853.919
3 128823.438
4 132415.673
6 133885.544
11 135862.07
12 138035.064
13 139617.126
14 140519.506
15 140874.54
16 141132.233
24 141262.365
29 142618.99
30 143353.45
35 143846.788
40 144086.062
50 144807.683
51 145138.246
52 145278.87
54 146492.955
57 147361.69
62 147578.775
80 147990.115
98 148655.347
126 148667.632
129 149354.486
131 150178.558
258 150679.344
264 150819.359
266 151056.004
267 151471.722
274 151517.254
295 151569.412
301 151951.072
305 151962.683
311 152085.831
323 152150.266
422 152481.851
423 152579.281
424 152905.407
428 153028.421
430 153331.114
431 153668.608
435 153747.728
440 153753.095
441 153929.748
454 154400.759
460 154649.575
503 154767.715
531 155012.939
543 155015.962
550 155403.095
592 155563.795
607 155869.192
616 156083.241
630 156322.194
13070 156426.451
14008 156499.058
19652 156514.488
19669 156517.533
19714 156597.825
19718 156667.658
19723 156667.939
19727 156989.171
19747 157086.48
19752 157127.834