
1 1001607.478
2 1037876.706
3 1064567.627
5 1080034.551
9 1096877.89
13 1102490.416
14 1111052.119
15 1112811.168
16 1114746.923
17 1116529.986
19 1119497.723
20 1123492.499
21 1124810.073
25 1127931.433
26 1130487.345
33 1133160.848
36 1135679.047
41 1136536.479
44 1138023.262
49 1139937.457
54 1141383.152
59 1144975.346
60 1145839.818
67 1146634.53
68 1147533.327
69 1149102.951
79 1149821.222
82 1151632.22
86 1154670.116
92 1155277.087
97 1156596.541
100 1156788.093
112 1157110.528
114 1157462.443
120 1157891.405
123 1160038.996
125 1160500.745
129 1162005.135
131 1163697.901
141 1163705.919
144 1164777.948
159 1164915.764
162 1165284.966
171 1165906.338
172 1166552.306
173 1166681.767
242 1167228.471
246 1167435.569
249 1168176.635
255 1168647.88
259 1169383.263
262 1170005.099
272 1171930.95
279 1172425.044
300 1173091.399
304 1173551.766
317 1174153.56
320 1174575.095
324 1174790.131
327 1175063.554
349 1175406.709
350 1175956.46
356 1176124.196
365 1176380.684
407 1176537.853
409 1176629.629
460 1177105.86
462 1177384.991
540 1178165.903
548 1178391.394
625 1178437.343
627 1178578.488
629 1179348.832
640 1179762.127
654 1179932.783
669 1180273.318
696 1180643.5
701 1180735.474
712 1181206.694
720 1182712.541
1339 1182837.121
1343 1183165.347
1353 1183450.075
1374 1183735.067
1378 1183903.315
1389 1183948.844
1412 1184246.423
1590 1184250.672
1605 1184570.695
1612 1184925.418
1620 1185104.094
1626 1185862.787
1634 1185904.079
1637 1186456.98
1664 1186548.022
1712 1186845.1
1713 1188120.016
1735 1188147.397
1741 1188344.803
2370 1188360.455
2378 1188825.402
2392 1189135.876
2461 1189166.962
2537 1189584.105
16339 1189929.84
16345 1190041.171
16482 1190705.715
16485 1190853.496