
0 34536.964
2 37827.078
3 40088.393
4 40134.233
5 40332.606
7 42136.188
8 42278.364
9 42390.351
10 42822.939
11 43712.696
13 44343.85
16 44406.268
21 44687.633
23 44904.314
30 44930.128
110 45115.623
112 45408.505
114 45618.24
147 45658.635
160 45670.905
192 45815.754
195 46052.539
198 46203.456
199 46342.69
264 46351.912
340 46375.916
341 46699.952
352 46806.301
356 46833.776
359 46931.216
373 46961.392
375 47087.376
376 47520.232
398 47624.34
400 47722.992
485 47742.103
486 47845.853
494 47942.992
697 48063.881
708 48185.52
886 48391.149
888 48418.721
890 48509.33
898 48595.546
2467 48611.404
2504 48615.272
2552 48620.685
2584 48845.7
2590 48909.757
2613 48926.228
10700 48968.693
10705 49059.595
10709 49124.902
10719 49194.481
10729 49308.764
10751 49374.071
14101 49380.89
14134 49476.226