
0 14830.358
1 15248.488
2 15337.312
3 15401.041
4 15722.183
7 15733.196
8 16114.754
17 16169.118
43 16282.403
44 16284.573
55 16643.014
63 16668.86
66 16709.185
222 16914.227
224 16994.148
225 17061.542
2001 17144.824
2909 17287.648
2910 17337.513
3078 17379.691
3398 17548.735
3429 17601.455
3435 17665.712
3450 17789.68
3467 17809.931
3470 17824.199
3472 18076.797
3485 18116.798
4286 18191.394
4298 18290.815
4486 18305.822
4704 18326.786
4771 18421.105
4880 18423.557
5061 18441.375
5117 18460.884
5164 18577.035
5378 18590.8
6138 18652.812
6346 18660.445