
0 124271.794
1 129357.356
3 132434.259
6 133882.242
7 136061.206
69 136150.255
70 136210.802
100 136583.869
106 138078.994
110 138877.759
111 139714.399
125 139919.374
126 140183.256
127 140635.676
128 140760.034
130 140939.677
131 141984.339
511 142319.875
704 142619.722
705 142809.216
716 143010.997
736 143055.397
738 143078.47
793 143279.61
803 143360.471
812 143938.739
814 144135.226
1006 144258.211
1008 144775.977
1429 145016.912
1431 145619.682
1601 145659.535
1884 145781.259
1888 146277.852
1891 146926.861
2861 147243.162
2920 147649.785
3507 147955.053
3609 148225.734
3621 148660.877
3635 148674.046
3655 148775.419
3777 148939.328
3824 149570.221
3836 149688.643
3880 149818.443
3990 149877.222
4075 149892.306
4111 149911.186
4143 150013.832
4150 150026.764
4163 150641.132
4307 150642.952
4405 151047.811
4457 151103.245
4517 151327.675
4574 151527.647
4595 151707.067
4599 151719.61
4679 151748.705
4681 151829.234
4690 151969.27
4720 152017.431
4734 152021.389
4753 152253.271
4757 152339.879
7412 152353.19
7511 152404.206
7533 152467.756
9660 152612.706
9682 152632.674
10836 152704.507
11127 152770.182
11210 152776.627
11242 152968.778