
0 126386.598
6 127123.977
7 127509.648
8 132306.009
9 135266.261
11 136393.264
14 138538.63
15 139119.681
16 140430.024
17 141677.061
80 142273.382
82 143290.734
83 143451.362
85 144205.803
387 144827.795
388 145128.152
479 145324.135
482 145838.797
483 146502.843
485 146877.062
502 147230.278
503 147640.946
507 147811.065
508 148188.505
1141 148580.748
1172 149658.823
1186 149981.706
1580 150252.941
1798 150471.071
1799 151721.247
1809 151822.412
1827 151894.307
1832 152282.076
2204 152900.572
2241 152925.169
2313 152938.665
2320 153321.595
2328 153550.606
2333 153754.851
2344 154036.198
2348 154127.441
2355 154235.123
2356 154314.4
2751 154464.565
2758 154538.919
2991 154566.861
2995 154575.42
3070 154901.485
3082 154903.916
3093 155277.593
3112 155305.247
3137 155312.003
3308 155487.69
4049 155548.837
4240 155597.775
4245 155623.133
6117 155718.999
7706 155778.32
7737 156089.922
7744 156330.572
7751 156333.041
7755 156456.001
15204 156668.686
15226 156993.903