
0 302166.965
3 316071.507
4 316804.703
5 326755.939
11 328345.304
12 333228.258
14 335334.592
19 337288.351
22 337797.138
23 339281.375
24 339965.193
25 342266.254
31 343108.4
32 344304.509
33 344495.068
34 344726.078
35 344959.849
41 345931.704
42 347241.847
43 348038.136
47 349430.849
52 349898.586
59 350943.659
67 351292.859
71 351595.069
94 351602.341
98 351786.272
100 351967.116
103 352097.853
106 352150.142
109 352558.936
116 352969.891
117 354003.251
118 354044.09
119 354939.973
120 354947.951
126 355126.036
151 356229.466
155 356300.772
156 356856.071
312 358081.628
317 358084.027
337 358242.387
339 358317.956
347 358318.348
348 358537.468
370 359116.868
375 359297.565
376 359817.732
389 360387.312
403 360421.15
421 360694.453
426 360993.543
470 361091.492
478 361960.192
480 362213.14
487 362326.288
495 362952.104
496 363195.304
506 363694.742
516 363895.867
528 364457.954
602 365123.324
647 365186.517
864 365700.421
1749 365873.865
1750 366080.512
4432 366231.201