
0 294806.387
1 308974.711
2 319444.123
4 324092.902
6 330870.348
9 334553.821
12 336608.252
15 340389.325
16 342381.441
18 342427.006
19 344482.704
24 344644.877
25 344841.615
27 345551.83
30 346350.362
33 346950.472
36 347354.99
38 347953.814
45 348208.622
47 348864.215
51 349306.868
54 350620.087
57 351278.343
60 351328.129
80 352116.229
82 352833.132
84 353525.785
95 353694.58
99 355115.757
131 355427.485
133 355612.478
136 355698.514
150 355923.184
171 356345.501
200 356649.673
223 356734.562
224 356973.516
227 357065.092
237 357259.646
253 357770.786
258 357929.331
324 358341.709
326 358364.057
377 359226.599
414 359258.336
423 359718.993
429 360100.933
446 361214.428
479 361292.806
493 361605.982
500 361674.976
543 361817.482
548 362066.138
701 362795.794
707 363312.417
743 363321.511
760 364011.748
775 364086.781
821 364327.52
838 364466.751
845 364804.934
872 364898.802
876 365525.267
2185 365852.74
2190 366120.627
2264 366273.759
2277 366898.482
2336 367089.22
2358 367320.622
2388 367757.854