
0 296424.347
3 311917.452
5 322222.059
7 322581.416
9 329269.397
12 336105.893
14 338470.908
16 339678.383
17 341314.389
18 341604.06
19 343483.992
21 343827.136
25 346454.554
29 346635.894
34 349117.47
37 349270.442
38 351177.755
40 351259.953
56 351264.196
58 351470.2
66 351738.395
71 353087.497
95 353372.074
146 353743.288
148 354516.408
158 355296.631
202 355783.554
203 356273.982
206 356504.832
209 357211.654
224 357340.547
226 358453.385
369 358635.281
382 358869.803
384 360036.665
386 360219.212
526 360362.493
554 360511.54
650 361609.726
667 362416.343
705 362812.872
727 363145.952
925 363179.865
970 363229.215
983 363503.147
988 363897.544
999 364016.318
1008 364041.013
1011 364390.615
1017 364936.048
1080 365341.061
1134 365813.631
3182 366253.838