
0 102324.794
4 103920.679
24 103931.408
25 104716.897
26 105231.75
37 106372.545
40 106491.309
46 107170.067
47 107268.913
394 107447.193
606 107537.961
607 107704.295
1120 107784.822
1467 108191.451
1802 108289.086
1809 108398.139
1923 108499.208
2759 108694.094
3563 108716.795
3779 109034.484
4105 109135.476
4127 109169.644
4136 109316.909
4207 109328.292
4215 109618.078
4309 109636.907
4315 109676.082
4318 109692.163
4325 109697.293
4326 109776.115
4336 109879.365
4360 109987.556
4378 110132.851
4441 110246.487
4453 110284.753
4471 110387.078
4486 110415.172
4780 110460.458
5024 110532.76
5798 110558.323
5808 110665.148
5813 110672.792
5964 110710.979
6149 110759.076
6347 110916.079
8807 110939.452
8929 110969.418
8955 111025.337