
0 100812.269
1 102343.0
7 102447.961
13 102920.084
15 103256.243
18 105999.554
20 106484.395
47 106656.718
48 106758.931
52 107064.264
53 109260.556
55 109650.244
5080 109669.013
5081 109694.811
5121 109798.975
5234 109878.743
5242 109888.462
5251 110011.735
5275 110082.221
5287 110161.781
5428 110378.504
5474 110396.799
5533 110457.688
5693 110493.198
6071 110634.317
6710 110712.466
7523 110712.675
7580 110714.981
7738 110741.106
11859 110783.682
11933 110841.406
11945 110923.652
11971 110977.332