
2 36889.0
9 38495.0
10 39871.0
11 41119.0
22 41666.0
31 42078.0
46 42613.0
101 43101.0
103 43194.0
108 43824.0
109 44201.0
914 44375.0
1471 44652.0
1488 44659.0
1489 44750.0
1497 44879.0
1499 44949.0
1503 44971.0
1923 45175.0
2097 45427.0
2098 46062.0
2107 46579.0
2111 46646.0
2837 46713.0
2838 46782.0
2887 46825.0
2889 47015.0
2893 47056.0
2894 47101.0
2901 47341.0
2902 47718.0
2903 47816.0
3470 47875.0
3480 47958.0
3488 47975.0
3862 48060.0
3866 48322.0
3888 48408.0
3891 48431.0
4915 48644.0
4921 49110.0
6447 49160.0
6460 49282.0
7016 49291.0
8141 49318.0
8205 49326.0
8245 49491.0