
1 36918.362
2 37708.104
3 39134.766
4 39756.807
5 40656.718
6 41071.291
19 41795.995
20 42124.281
21 43072.138
342 43872.971
343 44470.762
1671 44481.144
1833 44517.562
1834 44747.503
1850 44943.857
1851 45184.696
1852 45298.489
1853 45334.427
2016 45871.888
2384 46094.309
2421 46301.52
2424 46383.242
2553 46667.01
2555 46952.151
2564 47173.512
2565 47245.503
2576 47792.702
3323 47797.821
3428 47826.745
3430 47917.986
3446 47997.801
4467 48004.649
4713 48005.759
5020 48063.756
5042 48180.004
5092 48273.95
5183 48275.132
5264 48386.904
5303 48416.816
5377 48531.964
6115 48582.04
6133 48605.347
6323 48750.873
9753 48753.684
10135 48767.242
10216 48811.338
10819 48876.146
10822 48914.386