
0 12918.0
1 13795.0
3 13863.0
5 14854.0
7 15500.0
15 16285.0
31 16433.0
273 16905.0
428 16916.0
429 16981.0
2532 17053.0
2534 17225.0
2539 17311.0
2542 17338.0
2674 17341.0
2965 17406.0
2972 17425.0
2980 17705.0
2981 17762.0
3081 17820.0
3093 17893.0
3394 17914.0
3407 17926.0
3416 18080.0
3418 18170.0
3548 18249.0
4049 18325.0
4364 18332.0
4837 18426.0
4891 18446.0
5284 18494.0
5293 18554.0
5377 18593.0
5421 18634.0
5636 18666.0
6065 18681.0
6163 18779.0
6172 18782.0
6372 18815.0
6373 18818.0
6858 18890.0
7196 18897.0
7506 18907.0
7884 18917.0
8385 18943.0