
0 954193.986
2 1011083.928
4 1044489.555
5 1077026.226
6 1095320.013
8 1108412.758
9 1119060.743
10 1125172.433
15 1130021.027
16 1134997.151
17 1139575.185
18 1139983.0
20 1141169.029
21 1142974.666
23 1145596.949
25 1149775.83
27 1149954.719
28 1150871.941
29 1153755.072
31 1154526.339
32 1155432.069
33 1156606.678
39 1158085.826
41 1158958.063
42 1159317.957
44 1161082.1
46 1161207.205
48 1161904.82
50 1163775.374
54 1165316.286
55 1167230.469
56 1167277.446
57 1168142.315
59 1169763.639
60 1172459.924
68 1172636.447
137 1173960.958
145 1175464.634
146 1176156.043
159 1176239.55
160 1177949.998
161 1178718.761
162 1178869.852
163 1181401.151
181 1182573.972
187 1183140.68
195 1183629.89
199 1183823.885
207 1185761.89
213 1185924.775
291 1186090.81
292 1187231.996
293 1189171.783
443 1189177.239
474 1189419.053
500 1189759.158