
0 297708.357
1 319074.742
2 326729.566
3 333382.998
5 339480.519
7 341708.928
10 342785.12
12 345068.395
16 348647.244
18 349916.209
21 352060.163
23 352522.907
30 352681.217
33 354690.487
38 356209.892
39 357610.234
45 357836.036
50 358683.146
55 359423.448
57 361857.552
62 362134.656
81 363526.241
83 363651.548
85 364414.668
156 364499.521
158 365180.364
170 365776.813
174 366073.638
175 366085.23
189 366858.683
232 366975.964
336 366984.012
352 367337.711
404 367488.774
410 367873.372
434 367931.535
471 367996.369
474 368123.223
501 368704.614
504 369523.842
553 369650.068
598 370016.287
621 370023.829
673 370055.943
703 370064.858
714 370224.696
724 370292.767
727 370537.431
742 370984.488
743 370987.707
748 371145.643
753 371246.299
770 371528.637