
1 188126.258
2 189965.926
3 190395.289
4 190783.504
6 191102.415
7 191366.796
15 191494.501
23 192420.805
25 192740.914
28 193057.036
29 193211.906
30 193477.278
327 193497.234
367 193689.072
407 194314.036
598 194738.083
1013 194857.456
1839 194859.545
2474 195198.706
3111 195737.253
3120 195831.378
3125 195992.21
4494 196145.382
4551 196221.586
5379 196258.416
5392 196315.552
5412 196390.51
5576 196402.33
5603 196481.675
5986 196555.16
5992 196611.719
6008 196626.781
6087 196651.11
6592 196667.415
6697 196686.345
7360 196764.617
7691 196948.957
7692 196979.807
7703 196981.171
7758 197036.951
7818 197147.496
9348 197296.607
9446 197408.346
12413 197459.826
12771 197523.205
12805 197579.89
12832 197657.257
12914 197717.062
14731 197751.539