
0 13876.2
2 14219.643
6 14791.741
7 15583.914
8 15812.684
12 15952.336
13 15971.879
14 16181.401
23 16533.936
24 16703.675
687 16726.104
880 16821.491
1772 16897.106
2338 16912.122
2340 17049.986
2449 17117.391
3276 17376.752
3278 17390.463
3295 17561.811
3299 17607.315
3357 17614.27
3358 17685.357
3395 17711.634
3399 17790.472
3409 17854.059
4002 17953.995
4193 17994.13
4199 18050.411
4248 18096.539
4256 18152.82
4445 18163.907
4483 18181.801
4550 18227.615
4567 18439.02
4636 18540.227
5697 18540.535
5740 18564.935
9957 18585.764
10070 18588.069
10076 18599.478
10093 18602.847
10804 18609.144
10821 18617.383
10875 18624.863