
0 38923.0
1 40455.0
12 41138.0
24 41393.0
25 42463.0
26 42917.0
103 42920.0
224 43231.0
287 43365.0
290 43598.0
771 43837.0
772 44409.0
778 44465.0
1547 44641.0
1548 44963.0
1870 44971.0
1871 45016.0
1966 45345.0
1967 45894.0
1968 45959.0
1978 46004.0
2177 46358.0
2223 46475.0
2237 46734.0
2256 46948.0
2674 46990.0
2687 47008.0
2692 47356.0
2693 47522.0
2698 47581.0
2704 47891.0
2707 47918.0
2708 48197.0
3300 48239.0
3404 48247.0
3443 48351.0
3561 48359.0
3926 48424.0
3928 48452.0
3975 48464.0
3978 48557.0
3987 48576.0
3992 48731.0
5361 48963.0
5396 49016.0
5419 49037.0
5430 49164.0
5976 49243.0
6027 49245.0
6049 49274.0
6052 49403.0
6065 49429.0
7796 49493.0
8169 49523.0
8262 49530.0