
1 115166.0
2 115547.0
3 123186.0
5 125483.0
6 125539.0
7 129921.0
8 133871.0
10 136114.0
31 136163.0
37 136614.0
42 136825.0
48 136845.0
50 140531.0
51 142020.0
72 142171.0
103 142850.0
104 144305.0
192 145144.0
194 145511.0
360 146192.0
809 146653.0
811 146761.0
817 146843.0
823 147224.0
825 148007.0
829 148175.0
830 148942.0
926 149502.0
1255 149808.0
1257 149828.0
1259 150553.0
1348 151079.0
1469 151364.0
1470 151587.0
1691 152158.0
1692 152221.0
1694 152596.0
1695 152619.0
1703 152979.0
1777 153059.0
1787 153558.0
1822 153703.0
1852 153774.0
1931 154220.0
2532 154478.0
3117 154515.0
3239 154755.0
3321 154861.0
3322 154896.0
3391 155485.0
3426 155805.0
3427 156123.0
4092 156364.0
4104 156372.0
4405 156441.0
4411 156546.0
4435 156604.0
4440 156710.0
4461 156740.0
4510 156873.0
4534 157065.0
4631 157298.0
4645 157467.0
4721 157475.0
10558 157549.0