
0 301465.334
3 316875.985
4 330922.018
12 336048.52
14 338946.783
15 343781.71
17 346482.555
19 348657.541
20 348799.817
22 348904.856
24 352427.926
25 354209.036
32 355610.661
59 355890.618
60 356767.413
62 356887.496
65 358008.031
67 358380.638
75 358856.107
91 359341.811
98 359768.909
103 360111.523
110 360176.163
127 362012.148
130 362966.479
157 363448.711
163 363973.089
192 364325.427
199 364417.685
204 365540.121
284 365626.422
330 365966.071
333 367081.774
342 367333.21
350 367442.075
376 367472.147
377 367525.058
381 367572.754
385 368134.257
419 368517.125
421 368673.22
436 369264.813
440 369266.366
452 369705.906
462 370303.277
530 370616.925
620 370731.191
621 370898.434
623 371094.839
633 372129.937
686 372179.62
688 372488.041
689 372612.509
693 372707.421
713 373024.137
755 373176.49
774 373843.134
867 373948.527
935 374600.695
982 374776.101
1021 374788.313