
0 100397.318
1 102274.9
5 102885.366
9 102894.973
10 104334.425
26 105627.569
83 105747.465
87 107141.935
89 108236.565
140 108917.802
1130 108945.583
3301 109104.945
3929 109178.262
5019 109376.331
5087 109448.149
5161 109536.117
5185 109544.522
5191 109577.656
5211 109677.021
5226 109721.479
5292 109731.988
5309 109875.164
5340 109899.742
5350 109971.66
5357 109988.974
5388 110096.031
5405 110139.442
5458 110234.754
5513 110299.403
5631 110449.857
5669 110475.662
5688 110753.665
5906 110775.481
5928 110784.955
6006 110809.887
7024 110894.572
8547 110956.023
8589 110996.684
8737 111030.566
9054 111088.163
11199 111179.698