
0 13013.857
1 13319.451
2 13959.557
4 14598.063
10 15034.542
11 15816.018
16 16140.905
18 16420.927
36 16634.029
40 16666.842
65 16799.41
165 16801.855
1388 16851.699
2444 16986.562
2690 17004.658
3006 17321.101
3008 17353.467
3037 17529.033
3043 17552.962
3450 17553.681
3454 17662.169
3620 17667.169
3626 17694.418
3628 17762.777
3693 17810.247
3698 17813.332
3703 17843.206
3706 17851.773
3776 18020.086
3777 18187.998
4522 18191.051
4541 18302.255
4687 18313.804
4727 18325.338
4789 18340.465
4816 18344.596
5587 18425.291
15145 18454.458