
0 125415.0
4 128210.0
8 128212.0
16 128624.0
17 132815.0
22 133139.0
23 136409.0
93 136623.0
94 138231.0
95 138924.0
275 139009.0
276 141388.0
279 141589.0
281 142473.0
296 142631.0
612 142648.0
909 142702.0
910 142955.0
1024 143054.0
1089 143180.0
1100 143933.0
1101 144344.0
1298 144723.0
1389 144962.0
1393 145210.0
1400 145466.0
1402 146100.0
1678 146751.0
1686 146768.0
2136 146776.0
2778 147079.0
2811 147666.0
3052 148279.0
3102 148773.0
3111 149028.0
3125 149353.0
3130 149690.0
3163 149703.0
3164 149940.0
3540 150039.0
3645 150153.0
3646 150212.0
3708 150471.0
3776 150495.0
3791 150603.0
3800 150646.0
4309 150836.0
4328 150839.0
4339 151104.0
4643 151116.0
4653 151219.0
4667 151221.0
4700 151592.0
4776 151823.0
4801 152014.0
9591 152400.0
12008 152421.0