
0 121672.859
1 128545.118
2 131691.175
6 132489.103
8 135784.161
21 137616.845
22 139906.715
31 139988.071
114 140526.413
115 140712.241
145 142317.821
147 142912.792
179 142931.603
180 143306.904
182 143933.499
299 144771.055
300 146198.103
302 146326.498
303 146359.242
309 147855.675
650 148074.404
651 148075.545
656 148118.644
661 148162.354
663 148406.476
664 148426.008
674 148555.644
1018 149334.246
1023 149874.617
1024 150433.766
1455 150582.882
1457 150787.36
1475 151248.854
1489 151296.972
1490 151452.37
1497 151479.529
1502 151688.865
1595 151703.886
1600 152212.134
1607 152236.178
1758 152621.067
1764 153012.511
1856 153288.338
2866 153493.611
3133 153859.73
3135 153888.385
3198 154113.945
3199 154319.51
3206 154508.501
3209 154747.575
3213 154894.824
3215 155214.254
3216 155382.416
3217 155393.851
3600 155411.523
3612 155515.375
3764 155594.83
3767 155607.619
3768 155782.8
3781 155903.309
3789 155925.825
3813 156037.592
3828 156147.327
3845 156400.607
3858 156410.57
3859 156435.195
4000 156463.431
4919 156508.452