
0 32709.189
1 34912.246
4 36055.506
6 37768.612
8 38499.695
10 39012.936
34 39173.137
37 39670.564
38 39767.491
40 40426.507
42 40607.778
44 40758.528
527 41172.945
529 41622.417
1249 41753.957
1256 42340.265
2143 42474.17
2146 42832.433
2175 42927.794
2188 42997.034
2191 43121.826
2214 43225.631
2321 43484.18
2339 43491.285
2425 43529.769
2430 43751.812
2432 43887.301
2517 43910.697
2698 43969.05
2706 44203.024
2712 44289.334
2713 44324.23
2723 44626.839
2727 44690.332
2773 44872.064
2886 44986.409
2896 45126.014
4104 45147.395
4358 45168.654
4471 45250.744
4477 45270.704
4495 45404.663
4518 45487.983
4536 45565.556
4979 45577.319
4983 45581.553
4995 45672.47
5024 45792.261
5027 45848.12
5037 46072.214
5185 46093.929
5226 46113.174
5294 46119.505
5343 46140.983
5499 46199.478
5579 46201.124
5586 46254.519
9712 46267.718
9741 46396.032
9810 46411.936