
1 114265.66
5 120690.672
6 126760.7
8 130454.431
9 132951.574
11 133818.908
14 134918.875
16 136420.804
19 136807.136
33 137872.291
35 138438.992
36 139460.979
37 139653.421
38 140956.306
230 141062.921
233 141109.823
244 141669.691
318 141899.785
324 142075.63
326 142629.884
328 142719.868
881 142985.391
886 143644.479
887 143953.671
1065 144206.694
1177 144225.688
1508 144358.794
1512 144723.351
1516 145237.823
1524 145376.6
1529 145689.816
1748 145902.666
1876 146246.341
1882 146326.25
1907 146382.27
1910 146401.16
1917 146626.836
1918 146781.584
2502 146864.94
2531 146927.025
2532 147284.207
3335 147476.52
3366 147729.877
3370 147846.673
3373 147902.237
3434 147942.505
3444 148075.744
3459 148313.222
3460 148554.717
3499 148789.54
3500 149266.157
3509 149284.059
3545 149298.232
3548 149473.098
3986 149656.499
3989 149702.204
4023 149821.939
4197 150131.791
4232 150174.851
4233 150337.472
4252 151021.942
4402 151092.566
4457 151236.126
4464 151403.274
4485 151415.864
4633 151508.415
4661 151510.722
5607 151622.78
5671 151754.161
10326 151960.274