
0 943429.955
2 1001057.52
3 1038587.552
5 1064021.084
6 1082509.893
7 1098625.331
8 1098843.67
12 1107337.082
16 1113801.771
21 1120933.022
24 1125032.669
25 1128610.101
26 1129157.057
28 1129852.234
29 1131382.709
33 1134310.259
34 1135713.659
40 1136559.753
42 1140638.1
44 1140747.214
45 1144323.914
46 1145531.451
54 1146803.249
55 1149843.151
63 1150775.274
66 1152587.191
81 1153860.688
84 1154109.091
103 1154703.901
107 1155394.974
118 1156336.515
127 1156761.13
145 1156830.136
167 1157215.914
168 1159176.593
178 1159990.064
181 1160881.36
185 1161383.381
186 1161546.244
188 1162685.096
197 1163055.751
199 1163886.063
201 1164178.301
223 1166014.943
232 1166816.15
253 1168670.157
256 1169136.562
258 1169224.797
267 1169497.901
333 1169848.673
340 1171276.312
344 1171626.658
360 1172238.375
362 1172491.591
369 1173658.528
376 1174440.792
445 1174783.407
448 1175081.122
459 1175803.312
474 1177790.149
493 1177797.37
495 1178881.637
500 1179209.971
508 1180660.572
553 1181211.682
564 1182215.945
625 1182264.835
639 1182557.201
725 1182569.37
750 1182576.101
753 1183073.412
767 1183108.353
787 1183258.956
802 1184335.776
804 1184457.025
4079 1184820.289
4099 1185275.792
4145 1185371.612
4185 1186676.499
4230 1187121.814
4246 1187577.041