
0 949594.988
4 1005893.136
5 1041469.338
9 1041643.144
11 1068530.159
13 1090244.553
14 1101940.526
15 1114267.319
17 1120975.959
18 1126627.055
19 1126798.305
23 1131284.76
25 1132118.721
26 1136924.08
28 1138096.62
29 1142277.716
30 1143293.608
31 1145802.024
42 1147847.325
46 1149522.194
47 1149699.862
53 1150074.199
54 1153636.985
55 1154209.09
57 1154601.038
58 1157092.166
60 1159655.991
61 1160706.542
62 1160932.557
64 1163009.993
86 1166057.436
92 1166474.172
93 1166725.808
94 1167042.74
95 1167983.076
96 1170837.415
104 1172073.493
105 1173372.788
106 1174758.364
107 1178503.154
166 1178972.425
172 1179387.584
178 1179475.372
196 1179924.613
213 1181239.879
216 1181722.031
224 1183242.245
273 1184335.458
279 1184360.83
299 1185159.353
301 1185300.823
304 1185511.191
307 1185832.375
313 1186184.759
315 1186553.9
321 1187715.653
360 1187814.336
363 1188363.778
365 1188632.205
366 1189233.801
430 1189870.844
434 1190873.279
442 1191356.17
461 1191736.284
465 1191852.502
467 1192160.044
491 1193463.007
524 1195496.032