
3 15179.0
6 15562.0
7 16513.0
10 16527.0
11 16627.0
27 16936.0
43 17047.0
54 17336.0
60 17358.0
381 17511.0
574 17570.0
576 17624.0
990 17636.0
1693 17794.0
2043 17966.0
2138 18033.0
2959 18081.0
2970 18213.0
2983 18255.0
3023 18313.0
3193 18469.0
3199 18473.0
3216 18480.0
3622 18483.0
3623 18556.0
3637 18706.0
3952 18785.0
4233 18819.0
4340 18896.0
4354 18943.0
4361 18971.0
4362 18992.0
4447 19021.0
4658 19030.0
4925 19053.0
4958 19093.0
5340 19148.0
5792 19151.0
5847 19166.0
5859 19191.0
5883 19301.0
5894 19330.0
6072 19459.0
6201 19483.0
6374 19491.0
6683 19504.0
6709 19508.0
10209 19570.0