
0 98353.185
1 98917.183
2 98992.124
6 99324.284
8 99846.971
9 100168.356
27 100184.263
69 100188.862
85 100191.815
112 100261.179
115 100336.049
119 100347.768
121 100373.661
177 100393.907
180 100454.522
340 100594.404
678 100654.749
2153 100666.436
2154 100731.693
2710 100849.764
3368 100880.644
3551 100881.361
3721 100888.432
4155 100894.124
4168 100914.884
4484 100951.961
4786 100956.56
4843 100987.038
4845 100997.226
6517 101013.913
6594 101015.119
6617 101104.884
11739 101109.772
11997 101116.149