
1 44745.02
2 46099.96
3 46811.969
13 46851.791
15 47135.018
239 47240.9
739 47252.161
770 47263.095
837 47264.622
1598 47548.065
2124 47560.793
2304 47596.182
2873 47664.498
4048 47689.401
4401 47720.135
4941 47756.4
4961 47766.004
4972 47796.907
5096 47854.877
5231 47859.856
5251 47946.696
5361 48015.993
5381 48045.935
5505 48049.312
5528 48099.484
5530 48188.566
5600 48201.344
5715 48204.309
5720 48210.935
9908 48245.802
10209 48267.016
12763 48279.297
12953 48288.914
13028 48327.005
14402 48341.784
14625 48363.596