
0 35683.038
1 37015.388
2 37653.874
3 38166.125
9 38691.134
10 39413.5
56 39717.75
57 39828.631
60 40053.579
61 40572.289
246 40634.997
285 41501.418
287 41703.089
1017 41989.138
1019 42484.952
2022 42652.389
2023 42694.346
2146 42943.97
2150 43127.98
2151 43704.878
2152 43719.552
2565 43736.229
2570 44194.803
2586 44688.974
2589 44698.573
2596 44887.787
3732 44928.144
3804 45042.017
3842 45067.332
3848 45077.23
3944 45238.744
3951 45286.383
3962 45360.142
4318 45589.386
4341 45591.732
4348 45616.152
4497 45653.819
4498 45746.584
4553 45795.022
4588 45813.93
4606 45923.772
4613 45925.138
4640 45925.951
4701 45967.177
4721 46154.412
4741 46186.605
4854 46286.051
4872 46318.384
5037 46349.988
5040 46408.815
5376 46458.549
12675 46470.564