
1 116562.0
2 123593.0
6 127702.0
8 132878.0
9 134195.0
25 134654.0
27 135505.0
63 135772.0
75 136349.0
79 138387.0
80 139742.0
224 140957.0
226 141992.0
227 142886.0
348 143033.0
727 143377.0
728 144281.0
984 144603.0
985 144846.0
1034 145226.0
1035 145304.0
1043 145417.0
1044 145690.0
1049 146093.0
1594 146372.0
1599 146697.0
2309 146846.0
2315 147027.0
2325 147468.0
2881 147826.0
2922 147866.0
2928 148062.0
2993 148602.0
2998 148916.0
3003 149037.0
3481 149070.0
3489 149199.0
3531 149313.0
3557 149930.0
3562 150058.0
3629 150337.0
4360 150542.0
4361 150669.0
4373 150710.0
4380 150751.0
4385 150860.0
4440 150901.0
4441 151337.0
4508 151407.0
4655 151473.0
4660 151544.0
4686 151582.0
4955 151610.0
5135 152057.0
5157 152075.0
6978 152331.0
6995 152332.0
7034 152337.0
7037 152406.0
7901 152494.0
7914 152498.0
7929 152500.0
7953 152538.0
7967 152851.0