
1 14944.0
3 15417.0
4 16017.0
20 16160.0
32 16553.0
34 16667.0
38 16684.0
44 17295.0
322 17584.0
1796 17646.0
1970 17886.0
1972 18040.0
2472 18128.0
3012 18133.0
3014 18136.0
3055 18184.0
3067 18350.0
3360 18351.0
3371 18365.0
3386 18457.0
3394 18503.0
3417 18534.0
3483 18821.0
3611 18888.0
4122 18889.0
4123 19057.0
4142 19134.0
4144 19239.0
4184 19364.0
4715 19417.0
4753 19461.0
6099 19471.0
6121 19507.0
6128 19517.0
6353 19540.0
6661 19581.0
6893 19607.0
8897 19611.0
10025 19622.0
10034 19633.0