
0 115570.0
1 122879.0
5 126845.0
9 128895.0
11 130838.0
14 133318.0
32 133723.0
33 135179.0
35 135533.0
45 136223.0
47 137363.0
49 137599.0
51 137970.0
52 138642.0
54 139626.0
85 140212.0
86 140757.0
87 141168.0
197 141467.0
294 141724.0
295 141934.0
296 141956.0
383 141984.0
384 142426.0
385 143999.0
904 144274.0
907 144679.0
908 145399.0
912 145407.0
913 145866.0
1135 145974.0
1715 146041.0
1955 146089.0
1956 146215.0
1957 146219.0
1959 146732.0
1963 146974.0
1970 147316.0
2782 148061.0
3510 148203.0
3522 148284.0
3538 148378.0
3547 148610.0
3747 148683.0
3749 148769.0
3755 148986.0
3757 149245.0
3779 149540.0
3781 149547.0
3811 149596.0
4111 149655.0
4139 149881.0
4384 150003.0
4411 150165.0
4422 150256.0
4471 150475.0
4537 150506.0
4594 150560.0
4694 150652.0
4711 150985.0
4929 151078.0
5748 151113.0
5770 151184.0
5779 151281.0
5823 151390.0
5828 151695.0
5836 151761.0
5841 151801.0
6925 151836.0
7786 151987.0
7831 152131.0