
0 117196.32
5 123388.65
8 127054.667
10 130486.59
11 131039.928
15 133360.967
24 134216.815
25 137148.642
29 138040.995
30 139608.028
34 139786.894
88 140242.925
165 140663.252
413 140751.091
418 141996.087
421 142332.974
539 142812.819
542 142838.199
633 143734.064
932 144291.265
964 144437.544
994 144556.828
1013 144643.979
1016 145342.736
1064 145700.13
1065 145993.99
2101 146008.194
2102 146749.576
2127 147141.489
2765 147607.773
2841 147866.576
3127 148175.628
3215 148176.571
3218 148453.569
3226 148584.004
3996 148799.823
4036 148929.048
4041 148943.67
4053 149016.912
4061 149091.14
4071 149293.766
4309 149317.127
4322 149344.284
4334 149589.82
4381 149877.068
4405 149903.011
4749 149924.908
4782 150132.411
4830 150161.36
4997 150256.297
5001 150285.888
5012 150299.462
5049 150325.807
5052 150420.358
5110 150595.943
5138 150619.629
5144 150806.939
5266 150860.801
5268 150884.093
5293 151023.918
5360 151028.491
6092 151036.136
6118 151281.236
6149 151342.374
6169 151377.141
8107 151472.113
8207 151617.322
8256 151653.526
10787 151898.685
13080 151926.778
13092 152053.227