
0 32526.003
1 32860.401
3 33099.811
4 35559.239
5 35582.125
6 37215.777
12 37508.242
16 37627.525
17 38959.938
21 39339.001
22 40094.059
50 40151.449
52 40398.243
55 41119.881
110 41678.104
1579 41939.877
2116 42055.645
2127 42059.771
2128 42188.109
2129 42367.682
2131 42459.911
2213 42627.712
2214 42851.496
2282 42960.331
2285 43379.563
2291 43482.215
2294 43582.265
2756 43691.359
2759 43720.143
2761 43765.493
2765 44138.581
2769 44187.233
3081 44292.005
3089 44457.772
3178 44483.507
3299 44525.074
3313 44769.646
3342 44890.236
3913 44960.286
3937 45040.348
3962 45077.424
4233 45086.672
4813 45124.28
4854 45138.057
4876 45191.272
4915 45433.674
4941 45438.185
4969 45475.273
5063 45552.657
5289 45578.735
5337 45612.709
5365 45908.261
5367 46041.602
5709 46107.351
5864 46124.911
5925 46137.808
5936 46159.94
6077 46185.315
6103 46185.661
6851 46210.279
6914 46220.237
6938 46245.907
6978 46279.201
7354 46304.686
7416 46325.877
7492 46400.609