
0 34807.891
4 36491.048
5 37125.625
7 38083.965
8 40144.977
9 41132.096
37 41976.354
38 42749.749
272 43118.489
299 43441.776
1157 43599.303
1173 43803.527
1174 43875.628
1612 43923.79
1613 44037.062
1908 44179.325
1909 44425.357
1910 44752.815
1913 44868.317
1918 45118.918
1991 45248.167
1996 45628.268
1998 45648.388
1999 45682.512
2476 45774.73
2500 45855.01
2513 46218.453
2514 46226.632
2518 46415.966
2519 46422.73
2623 46581.403
2652 46772.023
2653 46928.04
2724 47305.219
2759 47497.252
2766 47501.721
2767 47679.495
3880 47694.884
4146 47705.233
4148 47722.745
4150 47743.633
4166 47774.963
4209 47778.26
4261 47795.979
4344 47866.542
4363 47951.215
4424 47960.302
4434 47983.13
4465 48044.007
4475 48100.404
4478 48211.538
4481 48222.385
4508 48274.303
4520 48315.487
4547 48315.668
4549 48479.192
4651 48491.47
4829 48609.846
5149 48743.537
5173 48868.556
6746 48930.227
6756 48932.262
14466 48975.463