
0 123901.103
2 124590.013
4 125846.772
5 129341.262
6 132677.202
7 136126.791
11 139247.033
28 139764.684
32 140444.67
64 141066.888
65 141512.073
66 142468.038
70 142929.675
71 142945.069
74 143968.878
170 144325.257
173 145236.535
174 146591.53
175 147014.671
1003 147444.263
1004 147465.952
1006 147577.958
1010 147845.274
1011 147891.832
1013 148330.918
1105 148593.277
1106 148733.973
1109 149239.859
1116 149498.173
1135 150002.112
1138 150015.243
1237 150082.666
1238 150180.103
1240 150311.98
1277 150399.385
1279 150791.946
1294 150806.098
1295 150825.452
1399 151004.525
1407 151075.99
1583 151311.484
1633 151398.746
1747 151575.934
1761 151746.334
1763 151999.576
1787 152205.938
1941 152793.542
2157 152885.654
2327 153314.323
2332 153484.215
2335 153814.02
3280 154024.202
3359 154093.942
3539 154302.367
3545 154918.802
3548 155150.802
3554 155179.682
3561 155564.831
3690 155804.562
3696 155804.814
3858 155814.456
4795 155840.411
7944 155865.259
7975 156153.189
8100 156233.884
8143 156332.045
11991 156466.299