
0 35913.241
1 38906.131
2 40796.239
7 40825.076
8 40873.221
14 41330.985
15 42651.396
178 43370.865
180 43673.024
183 44186.519
1839 44931.553
2248 44999.356
2256 45505.182
2258 45904.555
2260 45928.229
2261 45930.069
2422 45930.748
2426 46065.5
2427 46283.267
2485 46440.533
2813 46480.279
2818 46569.597
2844 46857.977
3915 47101.862
3918 47168.689
3921 47374.124
3932 47493.546
3963 47507.872
3976 47547.268
3978 47643.54
3982 47741.967
4347 47747.381
4350 47765.508
4371 47765.727
4379 47807.014
4452 47872.137
4549 47951.763
4600 47990.592
4621 48117.96
6443 48148.942
9447 48441.709