
0 121447.0
2 126315.0
4 128684.0
9 129831.0
23 133675.0
24 134652.0
51 134791.0
52 135715.0
54 136501.0
55 137090.0
128 138593.0
130 139496.0
173 140205.0
174 140270.0
175 140353.0
176 141213.0
204 141603.0
207 141676.0
418 142727.0
819 143047.0
821 143422.0
822 143946.0
825 145004.0
1283 145031.0
1287 145365.0
1291 145416.0
1293 145472.0
1296 145788.0
1365 146094.0
2110 146162.0
2114 146261.0
2119 146273.0
2126 146383.0
2131 146406.0
2142 146573.0
2153 146845.0
2154 147019.0
2161 147085.0
2163 147193.0
2166 147251.0
2761 147619.0
3456 147679.0
3458 147738.0
3489 148025.0
3492 148195.0
3499 148237.0
3500 148288.0
3505 148357.0
3607 148420.0
3612 148966.0
3613 148977.0
3615 149450.0
3621 149565.0
3636 149971.0
3667 150149.0
3677 150363.0
3678 150387.0
3799 150547.0
3835 150758.0
4769 150850.0
5576 150886.0
5660 151239.0
6006 151552.0
6103 151641.0
6112 151666.0
10443 151754.0
10452 151813.0
14937 151920.0
15050 152006.0
15052 152026.0