
0 995101.28
1 1035270.987
2 1036602.705
4 1063250.179
5 1079225.026
6 1092508.07
11 1102154.193
16 1110533.175
22 1117642.207
24 1124836.64
26 1130357.437
27 1135334.249
32 1136507.772
33 1137294.493
37 1138774.85
38 1141392.683
39 1142307.623
47 1145365.126
50 1147149.693
52 1148754.982
57 1150808.364
63 1152066.249
100 1152109.065
106 1152338.784
107 1153876.749
112 1154831.628
117 1154850.704
124 1155426.874
125 1156484.641
127 1156852.521
139 1156912.574
143 1158903.706
150 1159273.077
154 1159608.834
163 1159623.216
172 1159727.22
176 1159982.256
192 1160161.425
207 1160460.497
211 1161572.46
214 1162011.64
215 1162061.13
216 1163697.317
217 1164749.328
218 1165460.698
220 1165730.532
222 1166235.384
232 1166309.986
235 1166394.512
241 1166698.965
242 1166775.781
245 1167840.101
284 1168459.954
296 1169716.335
308 1170093.319
318 1170196.51
319 1171227.832
320 1171261.387
323 1171454.614
337 1171489.951
342 1171870.683
344 1172727.037
345 1173721.326
363 1173859.964
364 1174280.73
367 1175028.431
368 1175383.144
373 1176861.562
391 1177058.785
459 1177306.219
472 1177373.391
484 1177860.932
485 1178314.86
491 1179639.923
507 1180864.246
513 1181000.831
523 1181586.387
530 1181866.487
653 1181902.427
695 1182290.039
756 1182696.674
955 1182923.26
1005 1183694.124
1022 1184079.252
1095 1184198.664
1102 1184304.69
1143 1184688.802
1146 1184813.181
1166 1186416.782
1944 1186436.019
1961 1186633.376
1962 1186823.629
2683 1187012.59
2689 1187039.231
3338 1187326.699
3342 1187411.835
3350 1187533.303
3405 1187542.918
3427 1188073.917