
1 121724.33
2 126594.431
7 129097.825
10 132179.303
11 134517.898
49 135486.318
50 136720.122
51 137024.907
58 137040.294
59 137671.205
73 138666.286
75 139935.572
76 139965.885
77 140416.213
169 141132.267
288 142139.363
293 142176.892
730 142376.836
887 143330.164
888 144731.77
1256 145497.751
1258 145909.803
1271 146296.488
1272 146485.545
2740 146709.728
2741 146867.144
3022 146943.046
3045 147301.403
3046 147379.106
3271 147486.517
3285 147556.787
3286 147723.428
3289 148028.174
3501 148225.007
3503 148554.065
3507 148675.615
3616 148715.997
3618 148971.8
3636 149123.416
3653 149438.721
3676 149466.564
3885 149819.096
3899 149843.629
3911 149867.5
3924 149933.947
3927 150046.248
4269 150073.288
4633 150085.903
4762 150128.007
4807 150215.778
4812 150289.924
4859 150318.939
4872 150402.414
4940 150769.183
5003 150846.696
5121 151327.95
5775 151458.078
6102 151527.788
6112 151625.88
6650 151833.337
6670 151842.111
6700 151884.444
6707 152078.823
6758 152144.489
6776 152250.425
6790 152348.657
6803 152401.661
12565 152423.198
12574 152455.805
12595 152472.187
12964 152488.67