
0 949777.597
4 1005019.448
6 1047864.58
13 1076463.978
15 1094768.843
17 1107777.931
20 1118345.465
21 1120070.911
24 1126295.477
25 1132462.449
26 1135088.05
32 1136958.082
34 1141093.513
36 1145106.698
38 1145780.715
40 1146015.002
42 1149335.809
43 1150513.645
47 1151448.562
48 1153479.156
54 1154913.278
55 1155088.116
56 1157539.118
57 1158052.322
60 1160722.701
61 1164195.242
62 1164543.719
63 1166540.905
70 1166679.662
74 1166950.154
77 1170529.013
78 1170541.459
82 1172855.725
84 1173510.558
85 1173951.008
90 1175151.637
107 1175168.48
114 1175519.991
117 1175613.261
118 1176753.709
120 1178192.079
122 1178720.381
125 1179244.455
127 1179401.725
130 1181959.836
144 1182127.065
147 1183441.915
148 1183647.285
159 1183859.026
185 1183932.324
197 1184038.059
198 1184195.494
211 1184912.204
229 1186685.868
248 1187208.123
250 1188802.24
283 1189078.081
285 1189658.474
307 1190019.122
315 1190559.483
317 1191071.799
322 1192547.436
324 1193294.051
326 1193394.092
424 1193804.8
495 1193820.818
512 1195049.126
558 1195109.774
562 1195456.227
563 1195551.228
566 1195591.014
576 1195954.712
582 1196075.424
612 1196330.231
629 1196584.487
636 1196842.619
646 1197051.767
647 1197187.328
662 1197253.364
665 1197337.03
666 1197391.936
679 1197720.649
710 1198602.058
733 1198622.714
736 1199333.861
746 1200630.236
2764 1200783.23