
1 35293.833
2 36840.012
3 38153.937
4 38491.824
5 39235.23
44 39488.751
83 39628.533
84 39997.978
122 40456.837
132 40598.314
133 40844.461
144 41278.423
399 41286.19
400 41430.39
890 41503.6
898 41616.641
899 41618.785
904 41809.465
1814 42153.799
1815 42560.747
1819 42590.758
1820 42987.374
2045 43120.677
2074 43158.548
2089 43354.56
2111 43531.216
2116 43630.472
2240 43786.417
3073 43994.96
3104 44292.048
3190 44546.062
3230 44635.457
3238 44676.184
3607 44676.971
3622 44926.894
3637 45020.921
3647 45125.034
3648 45184.744
3652 45201.645
3653 45217.079
4433 45229.515
4434 45241.755
4439 45247.509
4449 45393.488
4461 45432.676
4479 45500.668
4483 45561.575
4501 45885.725
4788 45890.334
4789 45983.2
4817 45998.239
4821 46087.282
4824 46171.069
4885 46225.765
4894 46273.573
7363 46350.848
7421 46357.2
7481 46402.495
7482 46408.117
8101 46448.331
12784 46465.212