
0 38363.0
7 40068.0
8 42555.0
25 43786.0
66 44016.0
431 44383.0
432 45171.0
1508 45197.0
1509 45446.0
1685 45652.0
1949 45671.0
1962 45757.0
1966 45953.0
2021 46007.0
2025 46050.0
2035 46063.0
2347 46107.0
2410 46158.0
2488 46331.0
2495 46431.0
2496 46692.0
2498 46764.0
2503 46767.0
2537 46827.0
2543 46924.0
2739 46997.0
2937 47275.0
3017 47500.0
3037 47530.0
3119 47687.0
3123 47904.0
3125 48008.0
3357 48157.0
3365 48507.0
4050 48519.0
4076 48619.0
4128 48700.0
4232 49143.0
6442 49149.0
6501 49184.0
6554 49282.0
7237 49299.0
9540 49310.0