
0 186984.852
1 188190.962
3 192121.421
4 192269.711
6 192272.673
37 192653.05
46 193011.502
96 193508.735
130 194774.935
214 195290.682
789 195564.423
3602 195981.474
3657 196037.096
3666 196149.233
7200 196228.601
7216 196275.329
7308 196323.164
7311 196341.296
7342 196389.55
7371 196491.045
7405 196526.235
7499 196550.638
7513 196602.504
7537 196615.147
7642 196631.787
7762 196713.526
8288 196748.348
8513 196784.594
8866 196791.385
9486 196860.511
9489 196903.083
9516 196954.862
9608 197126.488
9628 197129.517