
0 124389.185
1 128798.155
3 134019.734
4 134730.956
17 135357.394
23 137926.318
41 138216.882
86 138560.802
89 140480.068
125 141453.989
128 143033.379
129 143426.271
131 143692.605
598 144125.225
601 144710.939
602 144913.185
604 145312.42
633 145489.624
827 145835.869
828 146225.2
829 146499.203
875 146514.638
877 146842.483
879 147452.361
998 147507.995
999 147719.389
1000 147876.411
1041 148187.235
1043 148386.235
1044 148639.945
1058 149008.753
1069 149501.623
1369 149802.589
1370 149806.525
1373 149825.393
1374 149862.355
1379 149953.695
1380 150649.539
1659 150819.512
1664 150989.643
1666 151255.94
1668 151317.918
1692 151376.513
1694 151468.118
1695 151591.69
1698 152317.893
1709 152355.302
1714 152489.992
1717 152716.072
1721 153266.333
1947 153439.802
1977 153515.681
2213 153555.266
2219 153741.233
2226 153785.622
2283 153898.998
2329 154201.89
2403 154246.039
2435 154302.068
3180 154384.038
3183 154957.381
3193 155100.398
3206 155412.635
3210 155429.007
3295 155533.622
3327 155670.808
3383 155677.438
3500 155813.217
3521 155869.791
3539 155922.408
3556 156261.039
3882 156334.177
3903 156541.69
4057 156667.689
4191 156668.338
4199 156768.414
4214 156787.934
4235 156802.558
4365 157029.481
4389 157065.727
4412 157366.881
4457 157465.868
6942 157502.721
7075 157574.252
7086 157744.883
7089 157765.828
7114 157833.727
8081 157954.634
8111 158059.782
13126 158142.574
13152 158181.627