
0 124237.0
1 125193.0
6 125433.0
9 127692.0
11 132373.0
15 135482.0
16 139458.0
17 139787.0
19 141657.0
23 141926.0
24 142472.0
38 143139.0
39 143426.0
313 145068.0
521 145777.0
522 147147.0
525 147413.0
526 147643.0
528 148046.0
787 148902.0
1000 148936.0
1009 149221.0
1016 149365.0
1033 149804.0
1034 150151.0
1049 150222.0
1052 150943.0
1055 151350.0
1244 151395.0
1421 151407.0
1424 151460.0
1425 151536.0
1426 151963.0
1427 152150.0
1429 152555.0
2299 152654.0
2409 153012.0
2480 153103.0
2534 153497.0
2680 153505.0
2749 153553.0
2751 153952.0
3425 154121.0
3447 154172.0
3455 154418.0
3504 154584.0
3580 154744.0
3582 154767.0
3591 154940.0
3598 155109.0
3657 155448.0
3683 155938.0
3744 156146.0
4107 156295.0
7931 156325.0
7951 156471.0
11784 156557.0
11802 156712.0