
1 14291.995
2 15472.448
3 15585.371
6 15912.293
8 16182.739
10 16589.649
17 16900.697
18 17267.127
227 17273.493
1339 17421.769
1729 17437.817
1962 17453.974
2576 17659.729
2584 17877.722
2586 18314.944
2592 18334.929
3096 18379.629
4023 18397.988
4361 18469.099
4385 18487.885
4386 18571.524
4419 18611.444
4425 18663.263
4527 18718.918
4661 18759.133
4664 18812.468
4685 18877.144
4704 18891.806
4722 18900.281
4725 18902.385
4779 18988.071
5061 19029.503
5066 19043.522
5183 19099.062
5191 19102.381
5199 19149.957
5238 19151.865
5528 19254.048
8170 19279.339