
0 36616.0
1 39254.0
3 41394.0
4 42301.0
6 42602.0
98 43207.0
100 43254.0
101 44265.0
102 44498.0
1357 44635.0
1358 44948.0
1563 45405.0
1835 45446.0
1836 45604.0
1839 45663.0
1845 45864.0
2252 45925.0
2269 46117.0
2331 46185.0
2367 46224.0
2383 46300.0
2391 46785.0
2500 46882.0
2724 46972.0
3383 47195.0
3389 47377.0
3393 47614.0
3394 47805.0
4053 47906.0
4058 47934.0
4257 47936.0
4338 47983.0
4398 48084.0
4404 48133.0
4409 48140.0
4422 48152.0
4425 48168.0
4438 48252.0
4449 48308.0
4455 48321.0
5009 48433.0
5476 48573.0
5515 48620.0
5516 48642.0
5627 48658.0
5705 49020.0
5782 49047.0
5802 49069.0
5824 49139.0
5857 49192.0