
0 1004223.026
2 1046211.535
3 1072540.143
4 1085581.112
5 1100020.401
6 1112507.049
7 1117600.904
10 1119104.623
12 1126055.448
13 1126252.071
14 1128681.233
16 1133019.915
17 1137179.56
18 1139927.936
20 1144459.465
23 1147866.669
25 1148864.665
26 1150524.464
28 1153824.978
29 1154459.654
31 1157261.835
32 1159861.823
33 1162426.737
43 1164970.465
46 1166319.588
48 1167560.26
50 1169712.858
51 1170429.473
52 1170631.992
56 1172084.402
59 1173970.05
62 1174461.923
67 1174722.29
73 1175574.882
75 1175974.533
92 1176017.932
93 1176667.599
94 1177584.398
97 1177755.569
103 1177756.464
112 1178073.285
120 1179256.469
122 1179291.458
143 1179896.352
147 1180101.597
148 1180176.651
158 1180470.429
161 1181993.587
164 1183650.152
175 1183732.819
178 1185054.983
180 1185167.64
186 1185841.114
187 1186100.193
199 1186636.968
209 1187986.013
224 1188676.923
241 1188867.181
257 1190112.976
258 1190365.515
267 1191028.589
309 1191185.467
310 1192317.145
317 1193539.934
321 1193910.779
322 1194336.964
323 1194554.565
327 1195824.353
345 1196795.572
353 1196952.641
468 1197097.446
469 1197307.127
470 1197322.744
512 1198070.238
547 1198391.047
568 1198722.991