
0 33275.801
1 35774.929
2 36510.237
4 37458.429
6 38086.468
7 39485.876
46 39896.519
47 40214.827
57 40357.487
58 40412.117
65 41078.727
69 41089.84
902 41131.775
1215 41483.408
1956 41686.995
1959 41939.48
2095 42122.656
2148 42446.11
2154 42466.023
2354 42729.13
2355 43149.573
2374 43253.589
2391 43351.933
2474 43545.53
2673 43767.726
2678 43865.434
3059 43954.742
3061 44022.783
3096 44031.625
3396 44177.779
3470 44454.054
3704 44536.028
3775 44552.118
3776 44748.914
3787 44766.273
3930 44903.543
3936 44929.2
3938 44933.216
3951 44953.752
3959 44977.823
3962 45013.595
4008 45049.224
4010 45089.935
4070 45293.468
4091 45383.578
4154 45446.745
4341 45457.017
4390 45499.008
4396 45528.111
4402 45566.965
4403 45590.028
4414 45655.186
4692 45716.701
4785 45738.131
4797 45789.671
4844 45798.724
4896 45835.258
4910 45851.08
4932 45987.4
5220 46060.696
5251 46099.861
5302 46350.696
5328 46417.093
9893 46440.938
9934 46447.534
9944 46522.624
9964 46536.625