
0 939751.073
2 997531.61
3 997891.83
5 1034371.226
7 1060214.48
8 1079919.372
9 1092605.338
13 1105098.527
16 1110499.969
17 1116099.51
19 1119565.74
21 1119626.91
23 1124328.485
28 1128820.737
30 1131837.567
31 1135804.757
37 1137120.396
44 1141477.653
46 1141513.896
49 1143249.053
51 1143551.74
52 1147949.999
61 1149664.167
66 1149821.472
67 1150851.782
82 1151697.737
98 1151744.611
100 1153293.398
103 1153493.724
105 1154588.682
106 1155308.473
111 1155411.161
135 1155639.125
155 1156433.766
163 1157017.44
164 1157187.982
170 1159083.454
173 1159630.381
174 1160598.128
185 1162581.641
186 1164825.182
193 1164907.61
219 1165285.301
225 1167522.009
228 1168029.349
242 1168118.287
304 1168456.147
309 1168505.842
310 1168717.895
316 1168894.879
320 1170179.13
327 1171138.594
364 1171527.915
365 1172825.613
370 1173067.386
510 1173073.595
518 1173198.918
520 1174403.064
525 1174687.109
533 1175101.17
536 1176304.425
538 1176650.826
554 1176756.858
566 1177636.246
570 1177733.382
572 1178215.87
581 1179233.749
585 1179291.809
632 1180284.299
653 1180448.091
694 1180918.065
709 1181198.725
761 1181357.656
769 1182563.885
810 1182659.777
850 1182754.89
882 1182981.189
886 1183489.25
902 1183738.707
928 1184096.968