
1 114251.735
3 115869.755
5 121230.465
7 127549.252
12 128735.739
26 130069.213
27 135456.44
31 136403.443
33 138386.105
37 140165.147
38 140628.999
39 140900.984
41 141736.226
43 142309.307
44 142468.186
150 142758.158
176 143028.834
177 143537.384
179 143888.467
486 144202.126
489 144820.692
634 145379.737
635 145431.858
646 145758.758
650 146011.574
654 146177.36
658 146505.089
659 147459.391
751 147916.281
752 148068.112
955 148775.947
979 148917.777
993 149081.312
1002 149265.256
1004 149393.413
1040 149581.24
1214 149660.238
1221 149663.147
1226 149969.036
1242 150062.146
1288 150081.554
1625 150351.628
1759 150780.569
1760 150893.46
1761 150962.477
1929 150970.851
1935 150987.108
1939 151306.58
1957 151402.973
2304 151431.003
2318 151549.677
2467 151599.697
2468 151857.383
2478 152264.572
2484 152360.612
2485 152542.438
2772 152677.663
2775 152959.07
2794 153101.404
2849 153503.672
2876 153620.172
2883 153731.909
2918 153780.423
3156 153844.465
3243 154101.221
3658 154240.29
3674 154294.794
3684 154374.947
3856 154491.943
4025 154648.026
4044 154699.103
4062 154748.596
4063 154975.103
4071 154983.005
4107 155017.075
4148 155128.338
4150 155419.597
4353 155436.996
4354 155483.833
4364 155730.78
4439 155990.265
4653 156049.037
4772 156096.587
4808 156100.527
4845 156129.23
4887 156312.139
4898 156381.554
6474 156435.65
11782 156449.937
11810 156573.399
11818 156659.486
11864 156920.05