
0 127422.0
3 128780.0
9 132215.0
22 133030.0
24 135817.0
26 136249.0
27 137913.0
28 138928.0
30 139534.0
31 140678.0
60 140929.0
89 141927.0
91 143154.0
92 145087.0
96 145190.0
577 145974.0
578 146213.0
790 146528.0
800 146780.0
803 147245.0
806 147748.0
810 147908.0
821 148364.0
965 148542.0
966 148849.0
971 149071.0
1155 149141.0
1247 149587.0
1249 149651.0
1282 149702.0
1283 149924.0
1284 150379.0
1289 150483.0
1290 150843.0
1381 151187.0
1406 152266.0
1568 152402.0
1900 152408.0
1902 152432.0
2488 152476.0
2489 152828.0
2495 152846.0
2508 152854.0
2510 153129.0
2523 153203.0
2524 153560.0
2525 153628.0
3136 153788.0
3216 153906.0
3243 153936.0
3393 154190.0
3412 154500.0
3445 154524.0
3448 154640.0
3947 155014.0
3957 155154.0
3986 155331.0
4008 155603.0
4028 155619.0
4032 155738.0
4039 155760.0
4064 155848.0
4237 156037.0
4292 156299.0
4473 156365.0
4536 156421.0
4548 156594.0