
0 15137.003
1 15459.18
13 15536.508
18 16024.986
20 16273.392
28 16453.196
29 16978.04
2357 17054.465
2470 17055.258
2471 17245.405
2971 17391.657
2975 17400.907
3054 17539.092
3066 17761.061
3073 17843.758
3668 17850.444
3677 17934.266
3689 17994.612
3715 18075.552
3728 18260.021
3740 18294.455
4717 18310.362
4721 18372.377
4746 18386.449
4754 18426.449
4996 18442.294
5049 18449.011
5054 18454.879
5255 18459.423
5288 18459.425
5290 18534.345
6170 18537.233
6669 18552.239
7742 18564.903
8274 18566.051
8382 18583.77
8608 18636.487