
0 114290.0
1 116262.0
4 123121.0
6 124331.0
7 128679.0
8 132422.0
10 135141.0
25 137257.0
26 138794.0
30 139782.0
94 139897.0
99 140683.0
104 142141.0
106 142345.0
107 142497.0
113 142628.0
366 142730.0
368 142851.0
545 143756.0
556 143784.0
559 143884.0
565 143918.0
567 144274.0
1152 144553.0
1196 144691.0
1197 144724.0
1202 145116.0
1404 146162.0
1542 146197.0
1545 146908.0
2187 147005.0
2189 147109.0
2198 147193.0
2208 147348.0
2597 147440.0
2614 147525.0
2633 147589.0
2878 147686.0
2881 147952.0
2888 148370.0
2898 148468.0
3022 148760.0
3435 148906.0
3448 149351.0
3474 149747.0
3487 149897.0
3488 149985.0
3492 150027.0
3898 150090.0
4094 150331.0
4187 150459.0
4193 150475.0
4233 150490.0
4302 150577.0
4332 150839.0
4340 150996.0
4353 151128.0
4377 151156.0
4392 151243.0
4473 151518.0
4476 151574.0
4989 151578.0
5171 151667.0
5191 151711.0
5202 151834.0
5220 151845.0
5253 151872.0
5647 151901.0
5673 152054.0
5756 152242.0
8929 152271.0