
0 189761.57
2 191833.516
12 192227.065
13 192309.229
25 192507.32
28 192680.801
66 193171.787
162 194366.761
239 194589.181
913 194762.429
920 194903.097
922 196117.55
3751 196347.142
3770 196406.097
3777 196549.93
3796 196835.483
3817 196856.001
3861 196890.993
3938 196926.186
4062 197135.681
7679 197452.072
7698 197500.922
7719 197516.067
7723 197534.166
7728 197573.42
7762 197644.099
7814 197752.027
7873 197783.597
7888 197813.581
7990 197855.133
8332 197871.972
8450 197913.96
8580 197962.475
8773 197985.924
8783 198026.485
8804 198130.392
12819 198206.799