
3 305944.908
5 318948.537
7 327633.804
9 336631.465
10 339734.604
13 343695.132
14 344586.211
15 346895.483
22 349298.063
25 351141.641
27 351554.021
29 352429.549
31 352998.532
34 353023.462
35 353259.69
38 353584.348
42 354894.363
45 354972.223
46 356045.801
49 356167.009
50 356425.869
54 356560.274
61 357352.24
63 357716.039
64 357995.442
65 359133.516
66 359268.551
75 359634.294
76 359860.032
88 361436.654
89 361926.516
93 362018.322
95 362608.443
96 362718.798
112 363141.807
237 363226.575
238 363300.725
239 363929.661
242 363976.272
270 364039.608
271 364401.091
272 364779.155
279 365654.351
285 366001.532
315 366569.251
320 366818.804
324 366926.188
418 367842.504
426 368446.255
541 368696.65
545 370122.669
574 370448.88
594 370683.514
595 371036.593
618 371292.464
627 371497.107
652 371629.691
658 371838.418
659 372320.353
670 372855.527
671 373177.495
712 374089.773
1241 374228.974
1274 375016.511