
0 298995.768
6 314607.757
9 322219.289
10 328148.532
13 333121.473
14 333210.194
15 336275.924
16 338740.863
19 340534.28
20 342145.207
22 343812.628
24 344131.95
27 344315.799
28 345638.705
32 345763.669
33 345865.89
34 346805.214
36 348225.285
38 349035.598
40 349408.679
44 350250.236
54 350723.056
58 350946.803
61 352331.884
63 352428.106
66 352913.521
67 353025.65
87 353056.106
140 354710.051
145 354805.4
193 354895.373
197 355282.817
203 355392.083
211 355771.816
218 356446.714
335 356581.492
340 356764.16
347 357041.043
352 357618.562
353 357880.678
360 358873.434
368 358874.442
399 358978.87
403 359771.193
481 360546.437
483 360553.061
484 360651.968
490 360699.843
491 361114.12
605 361206.353
614 361237.26
640 361245.082
659 361397.265
664 361944.497
690 363130.907
718 363443.305
724 364117.961
1413 364180.266
1454 364240.333
1465 364251.54
1496 365551.002