
0 300599.429
1 311215.296
2 323300.922
5 331661.696
7 336986.617
14 339253.223
22 340379.329
23 340622.981
25 344888.58
30 345940.598
34 347074.745
36 349862.811
39 351204.077
41 351465.488
52 353408.213
53 355455.631
57 355782.865
59 356158.087
72 356183.729
73 356634.604
74 358458.166
75 358916.521
77 360528.49
98 361381.814
106 362385.528
130 362480.038
134 362917.382
159 363135.394
160 364623.945
179 364696.965
239 364944.583
240 365079.492
244 365314.772
246 365447.148
253 365778.911
305 367730.633
310 367772.814
319 367876.72
321 368463.553
325 368601.202
329 368911.844
332 369375.434
333 369709.428
338 370526.228
468 370935.984
471 371025.447
546 371785.562
572 372005.421
576 372206.204
581 372798.992
648 373564.859
652 373582.03
786 373889.798
2484 374002.122
2493 374104.183