
0 124174.0
1 131828.0
8 132608.0
15 133601.0
16 138040.0
21 139570.0
23 140052.0
25 140808.0
27 141491.0
28 143585.0
30 144014.0
31 145033.0
35 145252.0
46 145456.0
124 145782.0
125 146472.0
143 147016.0
162 147268.0
164 147790.0
165 148050.0
750 148319.0
820 148403.0
832 148746.0
883 149173.0
884 149834.0
888 150251.0
889 150820.0
952 150853.0
957 151299.0
989 151321.0
1007 151383.0
1008 152126.0
1034 152135.0
1035 152625.0
1620 152779.0
1627 152823.0
1630 152914.0
1631 152958.0
1669 153052.0
2446 153098.0
2458 153450.0
2461 153515.0
2522 153940.0
2523 153997.0
2525 154210.0
2587 154275.0
2595 154431.0
2718 154499.0
2987 154607.0
2989 154819.0
3090 154918.0
3122 154977.0
3127 155013.0
3128 155053.0
3132 155325.0
3133 155557.0
3139 155687.0
3141 155776.0
3235 156019.0
3237 156239.0
3788 156427.0
3816 156535.0
10480 156578.0
10515 156594.0
10524 156687.0
10569 156691.0
10582 157063.0