
0 121718.439
2 126705.43
4 130423.429
5 132799.858
7 135999.366
10 136310.625
12 137424.221
38 137632.561
41 137860.435
45 138706.288
47 139079.106
57 139145.087
58 140422.951
60 140630.858
431 140646.926
436 140857.531
441 141439.327
543 141575.13
644 141818.552
649 141997.607
651 142317.878
657 142830.291
660 142892.093
661 143991.075
663 144308.205
1350 144744.392
1367 144951.902
1382 145517.53
1385 145729.089
1416 146013.468
1787 146016.676
1789 146321.781
1928 146346.837
2080 147055.751
3210 147080.302
3227 147196.559
3304 147247.406
3348 147470.819
3403 147521.826
3404 148084.119
3461 148219.281
3466 148707.27
3478 149018.346
3489 149074.295
3490 149265.947
3555 149325.009
3703 149515.729
3741 149549.161
3749 150033.152
3827 150042.773
3981 150048.366
4026 150116.804
4048 150183.423
4208 150192.575
4209 150268.291
4220 150592.18
4241 150805.227
4254 150969.862
4295 151121.724
4299 151142.271
4332 151310.884
4351 151386.495
4503 151386.712
4507 151620.331
4521 151671.469
4522 151750.714
4538 151863.028
4542 152005.798
4551 152154.285
4724 152227.821
4725 152238.518
5863 152253.761
5967 152370.441
6003 152380.677
6035 152479.113
6053 152487.827
6326 152628.853
6363 152659.343
6535 152713.779
6570 152745.353
6593 152813.326
6595 152824.003
6953 152831.865
6973 153097.353
14402 153234.506
14407 153258.08