
0 279860.971
2 301624.655
5 316290.49
6 323552.801
12 328420.421
13 331374.527
14 335824.138
16 339230.234
17 340489.383
18 343949.225
19 344725.202
20 345667.695
24 346675.052
26 346770.286
27 347882.042
35 347915.296
36 349194.301
39 349229.591
42 350679.865
45 351342.146
48 351578.594
52 351792.137
57 352965.522
63 353318.824
65 353907.67
73 353952.777
76 354049.049
77 354312.575
81 354415.284
82 354527.479
105 354538.918
127 354651.494
129 355258.576
164 355632.005
173 356152.11
176 356546.58
181 357322.452
188 357495.769
235 357805.692
264 357876.727
288 358538.479
290 358810.302
292 359160.06
297 359424.065
306 359607.25
311 359905.108
343 360187.868
358 360212.874
374 360811.411
377 361811.167
381 361898.654
394 362062.753
396 362391.657
398 362421.667
512 362569.032
536 362792.59
541 363317.584
549 363616.946
639 363650.748
642 363773.834
644 364009.102
654 364056.752
677 364444.968
685 364453.695
689 364700.466
725 364872.707
738 365033.794
744 365136.687
779 365165.539
781 365215.445
945 365639.577
950 365780.867
978 365944.192
979 366097.698
988 366167.978
1057 366622.936
1191 366874.922
3081 367014.597
3107 367376.109
3108 367440.018
3110 367633.1