
0 34572.0
3 35669.0
5 37391.0
7 37709.0
16 38818.0
18 39806.0
24 40036.0
65 40052.0
79 40072.0
82 40545.0
83 40640.0
84 40915.0
293 40956.0
294 41235.0
295 41476.0
1046 41785.0
1049 42324.0
1050 42422.0
1827 42432.0
1923 42440.0
1934 42971.0
1936 43337.0
1952 43554.0
1968 43590.0
1970 43596.0
2223 43700.0
2224 43928.0
2232 44180.0
2245 44616.0
2845 44716.0
2873 44740.0
3244 44963.0
3623 45092.0
3701 45333.0
3705 45376.0
4073 45405.0
4074 45445.0
4076 45899.0
4085 45944.0
4087 45964.0
4090 46145.0
4111 46234.0
4113 46259.0
4165 46293.0
4281 46329.0
4396 46362.0
4697 46396.0
4719 46418.0
4734 46429.0
4736 46657.0
4747 46662.0
4752 46799.0
4759 46811.0
4834 46985.0
4869 47018.0
5065 47030.0
5240 47106.0
5251 47114.0
5261 47128.0
8817 47152.0
8831 47159.0
8987 47211.0
9112 47228.0