
1 37459.0
2 39570.0
3 39848.0
4 40723.0
5 41729.0
31 41988.0
62 42218.0
63 42833.0
64 43316.0
136 43618.0
383 44017.0
440 44200.0
1493 44445.0
1515 44903.0
1516 45119.0
1882 45267.0
1886 45282.0
1928 45594.0
1929 45815.0
1938 46436.0
1952 46533.0
1957 46831.0
1960 46995.0
1968 47050.0
1969 47482.0
2864 47487.0
2884 47504.0
2887 47559.0
2891 47620.0
2892 47775.0
2908 47835.0
2909 47878.0
2912 48056.0
2915 48294.0
3002 48301.0
3026 48472.0
4058 48654.0
4327 48753.0
4341 48956.0
4349 48986.0
4358 49047.0
4362 49125.0
4706 49199.0
4729 49240.0
5080 49296.0
5151 49343.0
5247 49444.0
5805 49529.0
5870 49579.0
5909 49615.0
6277 49667.0
11603 49757.0