
0 36438.0
3 36569.0
4 37534.0
11 38324.0
16 38540.0
17 39101.0
19 39323.0
22 40185.0
24 40450.0
96 41080.0
99 41341.0
484 41571.0
487 41799.0
489 42244.0
1873 42450.0
1875 42533.0
1878 43153.0
1940 43218.0
1942 43447.0
1944 43687.0
1961 43928.0
2565 44241.0
2573 44274.0
2981 44288.0
2983 44346.0
2995 44462.0
3628 44477.0
3629 44597.0
3645 44620.0
3653 44621.0
3657 44771.0
3660 44871.0
3673 44878.0
3677 45005.0
3780 45298.0
3781 45410.0
4257 45425.0
4259 45539.0
4269 45750.0
4282 45826.0
4316 46058.0
4364 46113.0
4366 46256.0
4370 46408.0
4639 46425.0
4691 46433.0
4698 46455.0
4760 46554.0
4767 46588.0
4806 46608.0
6661 46674.0
6732 46680.0
6874 46828.0
7023 46830.0
7805 46832.0
12605 46841.0