
0 34493.917
1 36392.555
2 36786.479
4 38975.326
6 40461.766
7 40691.581
9 41004.333
36 41748.846
37 42193.111
38 42426.081
58 42644.181
107 42727.215
138 43773.381
863 43952.246
1071 44576.596
1074 44841.916
1076 44884.86
1863 45148.349
1864 45238.393
1869 45356.978
1872 45440.517
1873 45643.064
2150 45887.723
2151 45957.256
2152 46011.279
2433 46048.204
2441 46140.108
2444 46504.635
2448 46794.99
2586 46871.639
2600 47080.499
2602 47112.345
2993 47304.058
2997 47331.725
3001 47590.921
3004 47604.265
3416 47764.109
3445 47939.88
3447 48087.325
4312 48225.227
4319 48411.931
4411 48494.491
4449 48544.647
4459 48619.071
4532 48738.587
4578 48747.031
4602 48757.621
4678 48788.917
5726 48807.042
5756 48855.312
5815 48893.66
7278 48989.226
8090 49015.212