
0 114801.0
1 124137.0
2 130421.0
10 134062.0
16 136508.0
18 138852.0
26 138917.0
47 140442.0
48 140687.0
52 141734.0
53 141863.0
54 142899.0
55 143263.0
59 144064.0
261 144654.0
294 144749.0
295 145000.0
296 145516.0
301 146215.0
308 146445.0
309 146656.0
311 147097.0
587 147453.0
922 147507.0
962 147615.0
967 148278.0
975 148355.0
1059 148414.0
1067 148658.0
1069 148716.0
1078 149574.0
1109 149645.0
1111 150282.0
1115 150545.0
1117 150791.0
1204 150792.0
1205 151233.0
1212 151251.0
1228 151616.0
1229 152581.0
1241 152675.0
1272 153101.0
1280 153453.0
1293 153475.0
1300 153615.0
1316 153730.0
1317 153840.0
1375 153869.0
3130 154026.0
3724 154048.0
3725 154108.0
3762 154419.0
3867 154469.0
3873 154590.0
3874 154666.0
3898 154865.0
3902 154899.0
3921 154956.0
3925 155074.0
3974 155130.0
3982 155279.0
3983 155302.0
4699 155341.0
4712 155444.0
4752 155501.0
4771 155656.0
4845 155870.0
4866 155942.0
4881 155947.0
4946 155973.0
4980 156153.0
6580 156160.0
6608 156233.0
7168 156253.0
7172 156266.0
14388 156426.0
14437 156570.0