
0 37249.481
1 38479.653
2 39503.56
5 40380.465
6 40846.346
38 41285.638
40 42050.146
41 42695.546
42 42721.057
43 42856.193
242 43195.541
246 43297.46
401 43313.433
402 43314.488
403 43599.035
1095 43990.17
1466 44190.108
1470 44201.351
1472 44648.708
1475 45086.569
1686 45134.777
2103 45199.349
2107 45255.668
2109 45363.587
2113 45668.511
2311 45673.206
2315 45728.196
2492 46057.839
2494 46111.964
2501 46129.77
2506 46268.079
2548 46399.435
2551 46401.561
2552 46509.114
2603 46536.31
2670 46616.068
2671 46822.883
2694 46829.503
2710 46922.845
2780 47183.333
2794 47217.781
2795 47469.255
4634 47582.562
4868 47597.484
4870 47637.443
4896 47716.142
4904 47944.936
6336 47988.59
6384 48036.187
6399 48045.379
6421 48096.34
9095 48189.654
9457 48223.822