
1 996019.194
2 1030959.444
5 1056244.839
9 1075062.19
11 1084518.594
13 1094257.819
14 1107670.907
16 1113525.231
18 1118510.772
23 1118758.626
24 1122963.544
25 1125841.543
30 1128709.322
32 1131329.296
35 1133805.094
37 1134829.146
40 1138413.985
42 1139634.649
43 1140554.447
53 1145830.333
55 1147364.625
62 1147589.637
63 1149016.224
70 1149261.775
71 1151778.24
72 1151903.987
85 1154406.334
88 1154971.972
92 1155954.799
97 1157145.986
116 1157720.313
117 1157767.428
119 1158323.809
138 1159737.533
140 1160639.369
149 1161028.917
151 1162720.556
156 1163756.923
173 1164489.111
178 1164682.389
201 1165738.148
209 1166272.412
220 1166311.911
223 1166923.094
239 1168359.624
241 1169132.147
243 1169991.087
245 1171482.713
249 1171710.349
261 1172923.512
335 1173241.252
356 1173956.102
371 1175205.182
383 1175866.179
388 1176670.799
394 1176690.679
396 1177533.107
476 1177545.899
486 1177549.862
501 1177868.867
520 1180078.179
525 1180422.332
527 1180442.972
537 1180648.722
539 1181451.884
559 1181619.257
562 1181902.165
573 1182184.102
579 1182214.861
621 1182382.691
631 1182938.856
742 1183813.525
801 1184833.019
5322 1184902.239