
1 191806.201
9 192706.363
38 193048.373
42 193362.182
112 193683.865
232 193729.118
241 193757.578
242 194479.28
288 194864.52
1218 195023.392
1470 195125.808
1999 195392.94
2180 195445.228
2609 195465.131
2862 195520.745
2882 195535.687
2883 195634.59
2885 195821.021
3330 196329.522
3342 196396.487
3531 196453.259
3623 196656.535
3625 196691.179
4269 196791.455
4291 196818.869
4333 196862.518
5352 197087.953
5395 197137.352
5622 197153.859
5890 197155.185
6053 197298.554
6061 197305.337
6731 197330.266
6799 197394.031
12057 197411.042
12068 197485.309
12435 197490.266
12458 197618.726
12562 197706.366