
2 14281.544
4 15327.861
5 15587.225
10 15639.319
11 16277.504
12 16582.739
15 16726.208
20 17302.063
86 17509.632
2609 17569.498
2613 17572.911
2617 17651.028
2618 17734.585
2621 17916.64
2758 17943.948
2772 18054.562
3021 18062.519
3022 18284.951
3026 18441.186
3547 18455.098
3563 18719.678
3564 18839.242
4492 18863.289
4935 18882.494
4957 18973.331
4969 19004.766
4994 19029.315
5016 19076.6
5385 19100.281
5398 19108.152
6062 19118.989
10352 19131.775
10397 19170.984
10424 19263.718
10600 19265.591