
0 995512.215
3 1033669.612
9 1058819.179
11 1077723.094
12 1093930.032
13 1100999.531
17 1108516.99
20 1113451.014
22 1117801.644
23 1123911.144
24 1126860.115
25 1130251.54
30 1132031.747
36 1132043.89
37 1135592.775
40 1138258.434
44 1139998.422
45 1141623.949
54 1142549.285
65 1143656.772
67 1148931.762
68 1150533.78
74 1152178.69
77 1152991.106
84 1153479.017
87 1155057.354
144 1155960.359
154 1157282.437
161 1157555.551
168 1157672.545
173 1158474.277
181 1158997.064
189 1159247.298
190 1159297.674
194 1160649.55
212 1160816.398
216 1161288.5
226 1161650.879
230 1162676.951
239 1163300.387
247 1163347.828
249 1164103.186
262 1164153.209
263 1165085.44
267 1165177.252
276 1166588.271
279 1166596.343
282 1167042.258
295 1168699.338
296 1169084.409
301 1169749.458
302 1170636.182
315 1171658.393
324 1172138.556
329 1172540.308
330 1173194.811
332 1174075.131
387 1174238.949
402 1174753.813
411 1175143.897
431 1175375.563
432 1175528.65
502 1175856.374
503 1175890.493
542 1176307.639
599 1176807.849
624 1177269.119
630 1177768.413
639 1178756.403
660 1179862.985
664 1180841.511
711 1181456.681
735 1181570.421
775 1182210.489
794 1182821.295
838 1183070.882
844 1183224.31
853 1183333.241
1111 1183385.923
1115 1183823.864
1119 1183983.903
1133 1184031.272
1137 1184820.206
1148 1184877.529
1170 1185424.17
1171 1186006.135
1201 1186013.396
1226 1186405.774
1233 1187401.027
1242 1187884.938
2148 1188120.918
5072 1188224.684
5085 1188277.159
5094 1188407.429
5132 1188994.087
5134 1189284.06