
1 32436.0
2 35233.0
5 37229.0
6 38993.0
7 39626.0
27 40663.0
28 41064.0
108 41391.0
125 41419.0
126 41678.0
148 42087.0
149 42224.0
150 42432.0
151 43008.0
152 43212.0
162 43623.0
163 43726.0
2432 43727.0
2437 43798.0
2441 43956.0
2610 43966.0
2612 44077.0
2614 44153.0
2760 44467.0
2788 44640.0
3313 44971.0
3332 45078.0
3333 45133.0
3693 45154.0
3703 45184.0
3717 45503.0
3827 45572.0
3844 45654.0
3851 45756.0
3922 45820.0
3951 45853.0
4281 45861.0
4285 45922.0
4298 45925.0
4302 45990.0
4350 46034.0
4443 46109.0
4452 46238.0
4468 46503.0
4652 46523.0
5310 46602.0
5348 46620.0
5425 46629.0
5484 46659.0
5493 46699.0
5561 46743.0
5574 46888.0
14065 46907.0