
0 32545.0
2 33790.0
3 34036.0
4 34526.0
5 36599.0
6 37594.0
7 39068.0
11 39536.0
12 40018.0
13 40416.0
20 40795.0
29 40825.0
30 40831.0
31 41408.0
111 42415.0
113 42615.0
114 42739.0
2016 42777.0
2024 42880.0
2119 43463.0
2342 43559.0
2401 43894.0
2422 43940.0
2593 44035.0
2596 44109.0
2601 44340.0
2607 44383.0
2614 44562.0
2615 44687.0
3086 44942.0
3548 45014.0
3606 45140.0
3607 45214.0
3746 45310.0
3860 45428.0
3996 45483.0
4011 45886.0
4019 46019.0
4021 46145.0
4168 46497.0
5488 46532.0
5588 46565.0
5593 46615.0
5686 46650.0
5687 46658.0
5709 46688.0
7659 46752.0
7796 46781.0
7949 46798.0
8006 46959.0
8167 47021.0
10371 47071.0
10401 47307.0