
0 36442.0
2 37414.0
7 38127.0
8 38582.0
9 39650.0
10 40357.0
11 40396.0
12 41267.0
13 41447.0
85 41862.0
308 41939.0
1101 42004.0
1112 42577.0
1114 42935.0
2268 43307.0
2378 43342.0
2402 43443.0
2412 43522.0
2417 43750.0
2428 43999.0
2505 44023.0
2539 44099.0
2556 44123.0
2558 44174.0
2767 44252.0
2770 44480.0
2777 44566.0
2956 44694.0
3298 45064.0
3339 45086.0
3347 45193.0
3904 45393.0
4114 45592.0
4294 45871.0
4638 45921.0
4648 45952.0
4664 45996.0
5202 46106.0
5217 46110.0
5273 46191.0
5422 46204.0
5565 46297.0
5849 46347.0
5925 46353.0
5940 46455.0
5956 46462.0
6047 46510.0
6065 46557.0
6157 46578.0
6399 46605.0
9847 46648.0
9930 46654.0
12994 46662.0