
0 1006786.959
1 1047494.241
2 1075694.228
3 1091193.425
5 1099021.363
7 1107745.407
9 1117095.133
10 1123844.839
11 1131052.451
12 1131841.187
16 1135582.674
20 1140211.931
25 1144839.172
26 1149276.633
29 1150256.058
32 1150538.297
38 1152331.289
40 1154875.584
42 1156775.159
43 1157481.23
46 1160508.496
52 1161310.977
53 1162680.275
58 1162971.65
62 1165303.799
64 1166480.304
65 1168527.113
66 1169908.152
69 1170743.807
70 1170934.922
74 1171939.825
81 1174171.666
96 1175260.4
107 1176857.544
110 1177499.847
117 1177744.693
119 1179658.869
130 1180222.748
157 1181098.48
158 1182123.522
160 1182807.412
193 1183386.662
194 1184228.297
197 1186742.17
212 1187713.161
213 1188392.756
223 1188650.521
234 1189459.755
251 1190883.998
257 1191275.128
263 1192067.207
274 1193762.699
278 1194488.285
289 1194893.669
309 1195625.812
317 1196688.208