
0 282928.767
1 302689.682
5 316820.975
8 327491.695
9 335328.086
11 338869.168
12 341336.447
14 346781.019
16 349486.438
17 350479.271
22 351383.874
23 352890.891
30 353240.043
33 353853.622
39 354346.186
43 355761.051
50 356215.969
51 357294.39
54 357465.271
56 358562.556
64 358711.53
75 359208.593
77 360682.436
78 360714.277
84 360753.368
85 362011.954
102 362142.579
103 362858.285
104 363683.756
223 364965.749
224 365597.903
227 366062.232
315 366086.941
327 366120.365
331 366906.699
338 367404.66
434 367740.578
437 368324.218
439 369233.897
447 369454.46
450 370725.175
639 370760.493
839 371060.647
902 371107.142
955 371216.99
958 371241.74
961 371326.155
973 371351.631
978 371447.389
982 371589.3
4109 371799.938
4962 372280.363
5007 372519.691
5009 372706.094
5012 372769.041
5036 372913.986
5065 373404.424